Log file open, 03/25/17 22:13:01
LogInit:Display: Running engine for game: BatteryCollector
LogPlatformFile: Not using cached read wrapper
LogInit:Display: RandInit(-1037189317) SRandInit(-1037189317).
LogTaskGraph: Started task graph with 5 named threads and 8 total threads with 1 sets of task threads.
LogStats: Stats thread started at 0.092057
LogInit: Using libcurl 7.47.1
LogInit:  - built for x86_64-pc-win32
LogInit:  - supports SSL with OpenSSL/1.0.2g
LogInit:  - supports HTTP deflate (compression) using libz 1.2.8
LogInit:  - other features:
LogInit:      CURL_VERSION_SSL
LogInit:      CURL_VERSION_LIBZ
LogInit:      CURL_VERSION_IPV6
LogInit:      CURL_VERSION_ASYNCHDNS
LogInit:      CURL_VERSION_LARGEFILE
LogInit:      CURL_VERSION_IDN
LogInit:  CurlRequestOptions (configurable via config and command line):
LogInit:  - bVerifyPeer = false  - Libcurl will NOT verify peer certificate
LogInit:  - bUseHttpProxy = false  - Libcurl will NOT use HTTP proxy
LogInit:  - bDontReuseConnections = false  - Libcurl will reuse connections
LogInit:  - CertBundlePath = nullptr  - Libcurl will use whatever was configured at build time.
LogInit: Build: ++UE4+Release-4.15-CL-3348071
LogInit: Engine Version: 4.15.1-3348071+++UE4+Release-4.15
LogInit: Compatible Engine Version: 4.15.0-3299760+++UE4+Release-4.15
LogInit: Net CL: 3299760
LogDevObjectVersion: Number of dev versions registered: 14
LogDevObjectVersion:   Dev-Blueprints (B0D832E4-1F89-4F0D-ACCF-7EB736FD4AA2): 8
LogDevObjectVersion:   Dev-Build (E1C64328-A22C-4D53-A36C-8E866417BD8C): 0
LogDevObjectVersion:   Dev-Core (375EC13C-06E4-48FB-B500-84F0262A717E): 2
LogDevObjectVersion:   Dev-Editor (E4B068ED-F494-42E9-A231-DA0B2E46BB41): 14
LogDevObjectVersion:   Dev-Framework (CFFC743F-43B0-4480-9391-14DF171D2073): 22
LogDevObjectVersion:   Dev-Mobile (B02B49B5-BB20-44E9-A304-32B752E40360): 0
LogDevObjectVersion:   Dev-Networking (A4E4105C-59A1-49B5-A7C5-40C4547EDFEE): 0
LogDevObjectVersion:   Dev-Online (39C831C9-5AE6-47DC-9A44-9C173E1C8E7C): 0
LogDevObjectVersion:   Dev-Physics (78F01B33-EBEA-4F98-B9B4-84EACCB95AA2): 0
LogDevObjectVersion:   Dev-Platform (6631380F-2D4D-43E0-8009-CF276956A95A): 0
LogDevObjectVersion:   Dev-Rendering (12F88B9F-8875-4AFC-A67C-D90C383ABD29): 12
LogDevObjectVersion:   Dev-Sequencer (7B5AE74C-D270-4C10-A958-57980B212A5A): 3
LogDevObjectVersion:   Dev-VR (D7296918-1DD6-4BDD-9DE2-64A83CC13884): 0
LogDevObjectVersion:   Dev-LoadTimes (C2A15278-BFE7-4AFE-6C17-90FF531DF755): 1
LogInit: Compiled (64-bit): Mar 15 2017 16:52:47
LogInit: Compiled with Visual C++: 19.00.23026.00
LogInit: Build Configuration: Development
LogInit: Branch Name: ++UE4+Release-4.15
LogInit: Command line: -EpicPortal 
LogInit: Base directory: C:/Program Files/Epic Games/UE_4.15/Engine/Binaries/Win64/
LogInit: Installed Engine Build: 1
LogInit: Presizing for max 8388607 objects, including 0 objects not considered by GC, pre-allocating 0 bytes for permanent pool.
LogInit: Object subsystem initialized
[2017.03.26-05.13.02:487][  0]LogInit: Selected Device Profile: [Windows]
[2017.03.26-05.13.02:487][  0]LogInit: Applying CVar settings loaded from the selected device profile: [Windows]
[2017.03.26-05.13.02:521][  0]LogInit: Computer: ULTIMATESKIBUM
[2017.03.26-05.13.02:521][  0]LogInit: User: Liam
[2017.03.26-05.13.02:521][  0]LogInit: CPU Page size=65536, Cores=4
[2017.03.26-05.13.02:521][  0]LogInit: High frequency timer resolution =3.906388 MHz
[2017.03.26-05.13.02:521][  0]LogMemory: Memory total: Physical=7.9GB (8GB approx)
[2017.03.26-05.13.02:521][  0]LogMemory: Platform Memory Stats for Windows
[2017.03.26-05.13.02:521][  0]LogMemory: Process Physical Memory: 263.68 MB used, 263.68 MB peak
[2017.03.26-05.13.02:521][  0]LogMemory: Process Virtual Memory: 262.66 MB used, 262.66 MB peak
[2017.03.26-05.13.02:521][  0]LogMemory: Physical Memory: 2890.07 MB used,  5248.93 MB free, 8139.00 MB total
[2017.03.26-05.13.02:522][  0]LogMemory: Virtual Memory: 645.13 MB used,  5248.93 MB free, 134217728.00 MB total
[2017.03.26-05.13.02:652][  0]LogTextLocalizationManager: No specific translations for ('en-US') exist, so ('en') translations will be used.
[2017.03.26-05.13.03:414][  0]LogD3D11RHI: D3D11 adapters:
[2017.03.26-05.13.03:882][  0]LogD3D11RHI:    0. 'NVIDIA GeForce GTX 770' (Feature Level 11_0)
[2017.03.26-05.13.03:882][  0]LogD3D11RHI:       4063/0/4069 MB DedicatedVideo/DedicatedSystem/SharedSystem, Outputs:1, VendorId:0x10de
[2017.03.26-05.13.03:884][  0]LogD3D11RHI:    1. 'Microsoft Basic Render Driver' (Feature Level 11_0)
[2017.03.26-05.13.03:884][  0]LogD3D11RHI:       0/0/4069 MB DedicatedVideo/DedicatedSystem/SharedSystem, Outputs:0, VendorId:0x1414
[2017.03.26-05.13.03:884][  0]LogD3D11RHI: Chosen D3D11 Adapter: 0
[2017.03.26-05.13.03:890][  0]LogD3D11RHI: Creating new Direct3DDevice
[2017.03.26-05.13.03:890][  0]LogD3D11RHI:     GPU DeviceId: 0x1184 (for the marketing name, search the web for "GPU Device Id")
[2017.03.26-05.13.03:890][  0]LogWindows: EnumDisplayDevices:
[2017.03.26-05.13.03:890][  0]LogWindows:    0. 'NVIDIA GeForce GTX 770' (P:1 D:1)
[2017.03.26-05.13.03:891][  0]LogWindows:    1. 'NVIDIA GeForce GTX 770' (P:0 D:0)
[2017.03.26-05.13.03:891][  0]LogWindows:    2. 'NVIDIA GeForce GTX 770' (P:0 D:0)
[2017.03.26-05.13.03:891][  0]LogWindows:    3. 'NVIDIA GeForce GTX 770' (P:0 D:0)
[2017.03.26-05.13.03:891][  0]LogWindows: DebugString: FoundDriverCount:4 
[2017.03.26-05.13.03:891][  0]LogD3D11RHI:     Adapter Name: NVIDIA GeForce GTX 770
[2017.03.26-05.13.03:891][  0]LogD3D11RHI:   Driver Version: 378.92 (internal:21.21.13.7892, unified:378.92)
[2017.03.26-05.13.03:891][  0]LogD3D11RHI:      Driver Date: 3-16-2017
[2017.03.26-05.13.03:891][  0]LogRHI: Texture pool is 1361 MB (70% of 1945 MB)
[2017.03.26-05.13.04:340][  0]LogD3D11RHI:Warning: Timestamp queries are currently disabled on this hardware due to instability. Realtime GPU stats will not be available. You can override this behaviour by setting r.NVIDIATimestampWorkaround to 0
[2017.03.26-05.13.04:341][  0]LogD3D11RHI: Async texture creation enabled
[2017.03.26-05.13.04:380][  0]LogD3D11RHI: GPU Timing Frequency: 1000.000000 (Debug: 2 1)
[2017.03.26-05.13.04:430][  0]LogShaderCompilers: Guid format shader working directory is -26 characters bigger than the processId version (../../../../../../Users/Liam/Documents/Unreal Projects/BatteryCollector/Intermediate/Shaders/WorkingDirectory/9904/).
[2017.03.26-05.13.04:430][  0]LogShaderCompilers: Cleaned the shader compiler working directory 'C:/Users/Liam/AppData/Local/Temp/UnrealShaderWorkingDir/A4A20AF24F015AC905F233AD938ABAF6/'.
[2017.03.26-05.13.04:430][  0]LogShaderCompilers:Display: Using Local Shader Compiler.
[2017.03.26-05.13.06:036][  0]LogTemp:Display: Loaded TP AllDesktopTargetPlatform
[2017.03.26-05.13.06:125][  0]LogTemp:Display: Loaded TP MacClientTargetPlatform
[2017.03.26-05.13.06:213][  0]LogTemp:Display: Loaded TP MacNoEditorTargetPlatform
[2017.03.26-05.13.06:301][  0]LogTemp:Display: Loaded TP MacServerTargetPlatform
[2017.03.26-05.13.06:390][  0]LogTemp:Display: Loaded TP MacTargetPlatform
[2017.03.26-05.13.06:478][  0]LogTemp:Display: Loaded TP WindowsClientTargetPlatform
[2017.03.26-05.13.06:568][  0]LogTemp:Display: Loaded TP WindowsNoEditorTargetPlatform
[2017.03.26-05.13.06:657][  0]LogTemp:Display: Loaded TP WindowsServerTargetPlatform
[2017.03.26-05.13.06:731][  0]LogTemp:Display: Loaded TP WindowsTargetPlatform
[2017.03.26-05.13.06:818][  0]LogTemp:Display: Loaded TP AndroidTargetPlatform
[2017.03.26-05.13.06:904][  0]LogTemp:Display: Loaded TP Android_ASTCTargetPlatform
[2017.03.26-05.13.06:992][  0]LogTemp:Display: Loaded TP Android_ATCTargetPlatform
[2017.03.26-05.13.07:078][  0]LogTemp:Display: Loaded TP Android_DXTTargetPlatform
[2017.03.26-05.13.07:165][  0]LogTemp:Display: Loaded TP Android_ETC1TargetPlatform
[2017.03.26-05.13.07:252][  0]LogTemp:Display: Loaded TP Android_ETC2TargetPlatform
[2017.03.26-05.13.07:424][  0]LogTemp:Display: Loaded TP Android_MultiTargetPlatform
[2017.03.26-05.13.07:424][  0]LogTemp:Display: Loaded TP Android_PVRTCTargetPlatform
[2017.03.26-05.13.07:487][  0]LogTemp:Display: Loaded TP HTML5TargetPlatform
[2017.03.26-05.13.07:632][  0]LogTemp:Display: Loaded TP IOSTargetPlatform
[2017.03.26-05.13.07:690][  0]LogTemp:Display: Loaded TP TVOSTargetPlatform
[2017.03.26-05.13.07:777][  0]LogTemp:Display: Loaded TP LinuxClientTargetPlatform
[2017.03.26-05.13.07:864][  0]LogTemp:Display: Loaded TP LinuxNoEditorTargetPlatform
[2017.03.26-05.13.07:950][  0]LogTemp:Display: Loaded TP LinuxServerTargetPlatform
[2017.03.26-05.13.08:037][  0]LogTemp:Display: Loaded TP LinuxTargetPlatform
[2017.03.26-05.13.08:037][  0]LogTargetPlatformManager:Display: Building Assets For Windows
[2017.03.26-05.13.08:783][  0]LogDerivedDataCache:Display: Max Cache Size: 512 MB
[2017.03.26-05.13.08:897][  0]LogDerivedDataCache: Loaded boot cache 0.11s 51MB C:/Users/Liam/AppData/Local/UnrealEngine/4.15/DerivedDataCache/Boot.ddc.
[2017.03.26-05.13.08:897][  0]LogDerivedDataCache:Display: Loaded Boot cache: C:/Users/Liam/AppData/Local/UnrealEngine/4.15/DerivedDataCache/Boot.ddc
[2017.03.26-05.13.08:897][  0]LogDerivedDataCache: FDerivedDataBackendGraph:  Pak pak cache file ../../../../../../Users/Liam/Documents/Unreal Projects/BatteryCollector/DerivedDataCache/DDC.ddp not found, will not use a pak cache.
[2017.03.26-05.13.08:897][  0]LogDerivedDataCache: Unable to find inner node Pak for hierarchical cache Hierarchy.
[2017.03.26-05.13.08:897][  0]LogDerivedDataCache: FDerivedDataBackendGraph:  CompressedPak pak cache file ../../../../../../Users/Liam/Documents/Unreal Projects/BatteryCollector/DerivedDataCache/Compressed.ddp not found, will not use a pak cache.
[2017.03.26-05.13.08:897][  0]LogDerivedDataCache: Unable to find inner node CompressedPak for hierarchical cache Hierarchy.
[2017.03.26-05.13.08:920][  0]LogDerivedDataCache:Display: Pak cache opened for reading ../../../Engine/DerivedDataCache/Compressed.ddp.
[2017.03.26-05.13.08:932][  0]LogDerivedDataCache: Using Local data cache path C:/Users/Liam/AppData/Local/UnrealEngine/Common/DerivedDataCache: Writable
[2017.03.26-05.13.08:947][  0]LogSlate: Using Freetype 2.6.0
[2017.03.26-05.13.08:948][  0]LogSlate: SlateFontCache - WITH_FREETYPE: 1, WITH_HARFBUZZ: 1
[2017.03.26-05.13.08:948][  0]LogSlate: SlateFontCache - WITH_FREETYPE: 1, WITH_HARFBUZZ: 1
[2017.03.26-05.13.09:742][  0]LogInit: Selected Device Profile: [Windows]
[2017.03.26-05.13.09:746][  0]LogContentStreaming: Texture pool size is 0.00 MB
[2017.03.26-05.13.10:045][  0]LogMeshUtilities: Using QuadricMeshReduction for automatic static mesh reduction
[2017.03.26-05.13.10:118][  0]LogSimplygon: Simplygon DLL not present - disabling.
[2017.03.26-05.13.10:198][  0]LogMeshUtilities: Using SimplygonSwarm for distributed automatic mesh merging
[2017.03.26-05.13.10:198][  0]LogMeshUtilities: No automatic skeletal mesh reduction module available
[2017.03.26-05.13.10:198][  0]LogMeshUtilities: No automatic mesh merging module available
[2017.03.26-05.13.10:975][  0]LogNetVersion: GetLocalNetworkVersion: CL: 3299760, ProjectName: batterycollector, ProjectVersion: , EngineNetworkVersion: 2, GameNetworkVersion: 0, NetworkChecksum: 2727626990
[2017.03.26-05.13.11:038][  0]LogAssetRegistry: FAssetRegistry took 0.0214 seconds to start up
[2017.03.26-05.13.11:184][  0]LogPackageLocalizationCache: Processed 3 localized package path(s) for 2 prioritized culture(s) in 0.107391 seconds
[2017.03.26-05.13.11:190][  0]LogUObjectArray: 32493 objects as part of root set at end of initial load.
[2017.03.26-05.13.11:190][  0]LogUObjectAllocator: 7077024 out of 0 bytes used by permanent object pool.
[2017.03.26-05.13.11:190][  0]LogUObjectArray: CloseDisregardForGC: 0/0 objects in disregard for GC pool
[2017.03.26-05.13.11:299][  0]LogInit: WinSock: version 1.1 (2.2), MaxSocks=32767, MaxUdp=65467
[2017.03.26-05.13.13:696][  0]LogTcpMessaging: Initializing TcpMessaging bridge
[2017.03.26-05.13.13:758][  0]LogUdpMessaging: Initializing bridge on interface 0.0.0.0:0 to multicast group 230.0.0.1:6666.
[2017.03.26-05.13.15:467][  0]LogMaterial: Uniform references updated for custom material expression Custom.
[2017.03.26-05.13.16:055][  0]SourceControl: Info Source control is disabled
[2017.03.26-05.13.16:057][  0]SourceControl: Info Source control is disabled
[2017.03.26-05.13.16:134][  0]SourceControl: Info Source control is disabled
[2017.03.26-05.13.16:211][  0]SourceControl: Info Source control is disabled
[2017.03.26-05.13.18:255][  0]LogEngine: Initializing Engine...
[2017.03.26-05.13.18:256][  0]LogHMD: Failed to initialize OpenVR with code 110
[2017.03.26-05.13.18:584][  0]LogAIModule: Creating AISystem for world Untitled
[2017.03.26-05.13.18:615][  0]LogInit: XAudio2 using 'Headset Earphone (Logitech G933 Gaming Headset)' : 2 channels at 44.1 kHz using 16 bits per sample (channel mask 0x3)
[2017.03.26-05.13.18:648][  0]LogInit: FAudioDevice initialized.
[2017.03.26-05.13.18:703][  0]LogDerivedDataCache: Saved boot cache 0.05s 52MB C:/Users/Liam/AppData/Local/UnrealEngine/4.15/DerivedDataCache/Boot.ddc.
[2017.03.26-05.13.18:722][  0]LogInit: Texture streaming: Enabled
[2017.03.26-05.13.18:885][  0]LogEngineSessionManager: EngineSessionManager initialized
[2017.03.26-05.13.19:031][  0]LogInit: Transaction tracking system initialized
[2017.03.26-05.13.19:601][  0]BlueprintLog: New page: Editor Load
[2017.03.26-05.13.21:113][  0]LocalizationService: Info Localization service is disabled
[2017.03.26-05.13.22:205][  0]LogConsoleResponse:Display: 
[2017.03.26-05.13.22:375][  0]LogCook:Display: Max memory allowance for cook 16384mb min free memory 0mb
[2017.03.26-05.13.22:375][  0]LogCook:Display: Mobile HDR setting 1
[2017.03.26-05.13.23:367][  0]LogFileCache: Scanning file cache for directory 'C:/Users/Liam/Documents/Unreal Projects/BatteryCollector/Content/' took 0.03s
[2017.03.26-05.13.24:108][  0]SourceControl: Info Source control is disabled
[2017.03.26-05.13.24:108][  0]Cmd: MAP LOAD FILE="../../../../../../Users/Liam/Documents/Unreal Projects/BatteryCollector/Content/Maps/CollectionLevel.umap" TEMPLATE=0 SHOWPROGRESS=1 FEATURELEVEL=3
[2017.03.26-05.13.24:109][  0]LightingResults: New page: Lighting Build
[2017.03.26-05.13.24:176][  0]MapCheck: New page: Map Check
[2017.03.26-05.13.24:176][  0]LightingResults: New page: Lighting Build
[2017.03.26-05.13.27:883][  0]LogAIModule: Creating AISystem for world CollectionLevel
[2017.03.26-05.13.27:920][  0]LogEditorServer: Finished looking for orphan Actors (0.000 secs)
[2017.03.26-05.13.27:920][  0]Cmd: MAP CHECKDEP NOCLEARLOG
[2017.03.26-05.13.27:995][  0]MapCheck: Info Map check complete: 0 Error(s), 0 Warning(s), took 74.362ms to complete.
[2017.03.26-05.13.27:995][  0]LogFileHelpers: Loading map 'CollectionLevel' took 3.887
[2017.03.26-05.13.28:054][  0]LogWindowsTextInputMethodSystem:Display: IME system now deactivated.
[2017.03.26-05.13.28:208][  0]LogCollectionManager: Loaded 0 collections in 0.002448 seconds
[2017.03.26-05.13.28:314][  0]LogFileCache: Scanning file cache for directory 'C:/Users/Liam/Documents/Unreal Projects/BatteryCollector/Saved/Collections/' took 0.01s
[2017.03.26-05.13.28:314][  0]LogFileCache: Scanning file cache for directory 'C:/Users/Liam/Documents/Unreal Projects/BatteryCollector/Content/Developers/Liam/Collections/' took 0.01s
[2017.03.26-05.13.28:314][  0]LogFileCache: Scanning file cache for directory 'C:/Users/Liam/Documents/Unreal Projects/BatteryCollector/Content/Collections/' took 0.01s
[2017.03.26-05.13.28:314][  0]LogCollectionManager: Rebuilt the GUID cache for 0 collections in 0.000002 seconds
[2017.03.26-05.13.28:331][  0]LogContentBrowser: Native class hierarchy populated in 0.0162 seconds. Added 2250 classes and 455 folders.
[2017.03.26-05.13.28:335][  0]LogStats: UGameplayTagsManager::ConstructGameplayTagTree: Construct from data asset -  0.000 s
[2017.03.26-05.13.28:335][  0]LogStats: UGameplayTagsManager::ConstructGameplayTagTree: GameplayTagTreeChangedEvent.Broadcast -  0.000 s
[2017.03.26-05.13.28:442][  0]LogContentBrowser: Native class hierarchy updated for 'WidgetCarousel' in 0.0023 seconds. Added 0 classes and 0 folders.
[2017.03.26-05.13.28:502][  0]LogContentBrowser: Native class hierarchy updated for 'AddContentDialog' in 0.0024 seconds. Added 0 classes and 0 folders.
[2017.03.26-05.13.28:573][  0]LogContentBrowser: Native class hierarchy updated for 'SceneOutliner' in 0.0023 seconds. Added 1 classes and 2 folders.
[2017.03.26-05.13.28:645][  0]LogCrashTracker: Crashtracker disabled due to settings.
[2017.03.26-05.13.28:655][  0]LogUObjectGlobals:Warning: Failed to find object 'Class None.'
[2017.03.26-05.13.28:751][  0]LogContentBrowser: Native class hierarchy updated for 'HierarchicalLODOutliner' in 0.0024 seconds. Added 1 classes and 2 folders.
[2017.03.26-05.13.28:751][  0]LogLoad: (Engine Initialization) Total time: 30.01 seconds
[2017.03.26-05.13.28:751][  0]LogLoad: (Engine Initialization) Total Blueprint compile time: 0.40 seconds
[2017.03.26-05.13.28:751][  0]LogExternalProfiler: Found external profiler: VSPerf
[2017.03.26-05.13.28:751][  0]LogExternalProfiler: Using external profiler: VSPerf
[2017.03.26-05.13.28:760][  0]LogOcInput: OculusInput pre-init called
[2017.03.26-05.13.28:783][  0]LogContentStreaming: Texture pool size now 800 MB
[2017.03.26-05.13.28:784][  0]LogSlate: Took 0.000292 seconds to synchronously load lazily loaded font '../../../Engine/Content/Slate/Fonts/Roboto-Regular.ttf' (155K)
[2017.03.26-05.13.28:790][  0]LogSlate: Took 0.000453 seconds to synchronously load lazily loaded font '../../../Engine/Content/Slate/Fonts/Roboto-Bold.ttf' (160K)
[2017.03.26-05.13.28:797][  0]LogSlate: Took 0.000372 seconds to synchronously load lazily loaded font '../../../Engine/Content/Editor/Slate/Fonts/FontAwesome.ttf' (139K)
[2017.03.26-05.13.28:938][  0]LogSlate: Took 0.000249 seconds to synchronously load lazily loaded font '../../../Engine/Content/Slate/Fonts/Roboto-Light.ttf' (159K)
[2017.03.26-05.13.29:001][  0]LogRenderer: Reallocating scene render targets to support 1164x580 NumSamples 1 (Frame:2).
[2017.03.26-05.13.29:102][  1]LogAssetRegistry: Asset discovery search completed in 18.0861 seconds
[2017.03.26-05.13.29:102][  1]LogCollectionManager: Rebuilt the object cache for 0 collections in 0.000007 seconds (found 0 objects)
[2017.03.26-05.13.29:102][  1]LogCollectionManager: Fixed up redirectors for 0 collections in 0.000025 seconds (updated 0 objects)
[2017.03.26-05.15.03:551][182]LogWindowsTextInputMethodSystem:Display: IME system now deactivated.
[2017.03.26-05.15.03:554][182]LogWindowsTextInputMethodSystem:Display: IME system now deactivated.
[2017.03.26-05.15.03:741][183]Cmd: QUIT_EDITOR
[2017.03.26-05.15.03:828][183]LogExit: Preparing to exit.
[2017.03.26-05.15.04:921][183]LogDirectoryWatcher: A directory notification for 'C:/Users/Liam/Documents/Unreal Projects/BatteryCollector/Content/' was aborted.
[2017.03.26-05.15.04:952][183]LogExit: Editor shut down
[2017.03.26-05.15.04:953][183]LogExit: Transaction tracking system shut down
[2017.03.26-05.15.05:024][183]LogObj: Freed 0b from 0 cluster array pools.
[2017.03.26-05.15.05:024][183]LogExit: Object subsystem successfully closed.
[2017.03.26-05.15.05:040][183]LogD3D11RHI: Shutdown
[2017.03.26-05.15.05:040][183]LogD3D11RHI: CleanupD3DDevice
[2017.03.26-05.15.05:136][183]LogD3D11RHI: ~FD3D11DynamicRHI
[2017.03.26-05.15.05:156][183]LogModuleManager: Shutting down and abandoning module HierarchicalLODOutliner (500)
[2017.03.26-05.15.05:156][183]LogModuleManager: Shutting down and abandoning module CrashTracker (498)
[2017.03.26-05.15.05:156][183]LogModuleManager: Shutting down and abandoning module SceneOutliner (496)
[2017.03.26-05.15.05:156][183]LogModuleManager: Shutting down and abandoning module AddContentDialog (494)
[2017.03.26-05.15.05:156][183]LogDirectoryWatcher: A directory notification for 'C:/Program Files/Epic Games/UE_4.15/FeaturePacks/' was aborted.
[2017.03.26-05.15.05:158][183]LogModuleManager: Shutting down and abandoning module WidgetCarousel (493)
[2017.03.26-05.15.05:158][183]LogModuleManager: Shutting down and abandoning module EditorWidgets (490)
[2017.03.26-05.15.05:158][183]LogModuleManager: Shutting down and abandoning module CollectionManager (488)
[2017.03.26-05.15.05:158][183]LogDirectoryWatcher: A directory notification for 'C:/Users/Liam/Documents/Unreal Projects/BatteryCollector/Content/Collections/' was aborted.
[2017.03.26-05.15.05:158][183]LogDirectoryWatcher: A directory notification for 'C:/Users/Liam/Documents/Unreal Projects/BatteryCollector/Content/Developers/Liam/Collections/' was aborted.
[2017.03.26-05.15.05:158][183]LogDirectoryWatcher: A directory notification for 'C:/Users/Liam/Documents/Unreal Projects/BatteryCollector/Saved/Collections/' was aborted.
[2017.03.26-05.15.05:158][183]LogModuleManager: Shutting down and abandoning module StatsViewer (486)
[2017.03.26-05.15.05:158][183]LogModuleManager: Shutting down and abandoning module FoliageEdit (484)
[2017.03.26-05.15.05:158][183]LogModuleManager: Shutting down and abandoning module LandscapeEditor (482)
[2017.03.26-05.15.05:158][183]LogModuleManager: Shutting down and abandoning module SceneDepthPickerMode (480)
[2017.03.26-05.15.05:158][183]LogModuleManager: Shutting down and abandoning module ActorPickerMode (478)
[2017.03.26-05.15.05:159][183]LogModuleManager: Shutting down and abandoning module GeometryMode (476)
[2017.03.26-05.15.05:159][183]LogModuleManager: Shutting down and abandoning module TextureAlignMode (474)
[2017.03.26-05.15.05:159][183]LogModuleManager: Shutting down and abandoning module BspMode (472)
[2017.03.26-05.15.05:159][183]LogModuleManager: Shutting down and abandoning module HardwareSurvey (470)
[2017.03.26-05.15.05:159][183]LogModuleManager: Shutting down and abandoning module SequenceRecorderSections (468)
[2017.03.26-05.15.05:159][183]LogModuleManager: Shutting down and abandoning module AutomationWorker (466)
[2017.03.26-05.15.05:159][183]LogModuleManager: Shutting down and abandoning module MatineeToLevelSequence (464)
[2017.03.26-05.15.05:159][183]LogModuleManager: Shutting down and abandoning module LevelSequenceEditor (462)
[2017.03.26-05.15.05:159][183]LogModuleManager: Shutting down and abandoning module PlacementMode (461)
[2017.03.26-05.15.05:159][183]LogModuleManager: Shutting down and abandoning module WmfMediaFactory (458)
[2017.03.26-05.15.05:159][183]LogModuleManager: Shutting down and abandoning module WmfMediaEditor (456)
[2017.03.26-05.15.05:159][183]LogModuleManager: Shutting down and abandoning module MfMediaFactory (454)
[2017.03.26-05.15.05:159][183]LogModuleManager: Shutting down and abandoning module MfMediaEditor (452)
[2017.03.26-05.15.05:159][183]LogModuleManager: Shutting down and abandoning module AvfMediaFactory (450)
[2017.03.26-05.15.05:159][183]LogModuleManager: Shutting down and abandoning module AvfMediaEditor (448)
[2017.03.26-05.15.05:159][183]LogModuleManager: Shutting down and abandoning module AndroidMediaFactory (446)
[2017.03.26-05.15.05:159][183]LogModuleManager: Shutting down and abandoning module Media (445)
[2017.03.26-05.15.05:159][183]LogModuleManager: Shutting down and abandoning module AndroidMediaEditor (442)
[2017.03.26-05.15.05:159][183]LogModuleManager: Shutting down and abandoning module CharacterAI (440)
[2017.03.26-05.15.05:159][183]LogModuleManager: Shutting down and abandoning module AudioCapture (438)
[2017.03.26-05.15.05:159][183]LogModuleManager: Shutting down and abandoning module SequenceRecorder (437)
[2017.03.26-05.15.05:159][183]LogModuleManager: Shutting down and abandoning module SmartSnapping (434)
[2017.03.26-05.15.05:159][183]LogModuleManager: Shutting down and abandoning module SessionServices (432)
[2017.03.26-05.15.05:159][183]LogModuleManager: Shutting down and abandoning module ViewportSnapping (430)
[2017.03.26-05.15.05:159][183]LogModuleManager: Shutting down and abandoning module ViewportInteraction (428)
[2017.03.26-05.15.05:159][183]LogModuleManager: Shutting down and abandoning module LogVisualizer (426)
[2017.03.26-05.15.05:159][183]LogModuleManager: Shutting down and abandoning module IntroTutorials (424)
[2017.03.26-05.15.05:159][183]LogModuleManager: Shutting down and abandoning module GameProjectGeneration (423)
[2017.03.26-05.15.05:159][183]LogModuleManager: Shutting down and abandoning module EditorLiveStreaming (420)
[2017.03.26-05.15.05:159][183]LogModuleManager: Shutting down and abandoning module IOSPlatformEditor (418)
[2017.03.26-05.15.05:159][183]LogModuleManager: Shutting down and abandoning module HTML5PlatformEditor (416)
[2017.03.26-05.15.05:159][183]LogModuleManager: Shutting down and abandoning module AndroidPlatformEditor (414)
[2017.03.26-05.15.05:159][183]LogModuleManager: Shutting down and abandoning module AndroidDeviceDetection (413)
[2017.03.26-05.15.05:755][183]LogModuleManager: Shutting down and abandoning module IOSRuntimeSettings (410)
[2017.03.26-05.15.05:755][183]LogModuleManager: Shutting down and abandoning module AndroidRuntimeSettings (408)
[2017.03.26-05.15.05:755][183]LogModuleManager: Shutting down and abandoning module InputBindingEditor (406)
[2017.03.26-05.15.05:755][183]LogModuleManager: Shutting down and abandoning module NiagaraEditor (404)
[2017.03.26-05.15.05:755][183]LogModuleManager: Shutting down and abandoning module MergeActors (402)
[2017.03.26-05.15.05:755][183]LogModuleManager: Shutting down and abandoning module SizeMap (400)
[2017.03.26-05.15.05:755][183]LogModuleManager: Shutting down and abandoning module TreeMap (398)
[2017.03.26-05.15.05:755][183]LogModuleManager: Shutting down and abandoning module ReferenceViewer (396)
[2017.03.26-05.15.05:755][183]LogModuleManager: Shutting down and abandoning module LocalizationDashboard (394)
[2017.03.26-05.15.05:755][183]LogModuleManager: Shutting down and abandoning module LocalizationService (393)
[2017.03.26-05.15.05:755][183]LogModuleManager: Shutting down and abandoning module HardwareTargeting (390)
[2017.03.26-05.15.05:755][183]LogModuleManager: Shutting down and abandoning module DeviceProfileEditor (388)
[2017.03.26-05.15.05:755][183]LogModuleManager: Shutting down and abandoning module UndoHistory (386)
[2017.03.26-05.15.05:755][183]LogModuleManager: Shutting down and abandoning module UserFeedback (384)
[2017.03.26-05.15.05:755][183]LogModuleManager: Shutting down and abandoning module XmlParser (382)
[2017.03.26-05.15.05:755][183]LogModuleManager: Shutting down and abandoning module Blutility (380)
[2017.03.26-05.15.05:755][183]LogModuleManager: Shutting down and abandoning module ProjectSettingsViewer (378)
[2017.03.26-05.15.05:755][183]LogModuleManager: Shutting down and abandoning module ProjectTargetPlatformEditor (377)
[2017.03.26-05.15.05:755][183]LogModuleManager: Shutting down and abandoning module EditorSettingsViewer (374)
[2017.03.26-05.15.05:755][183]LogModuleManager: Shutting down and abandoning module SettingsEditor (372)
[2017.03.26-05.15.05:755][183]LogModuleManager: Shutting down and abandoning module ProjectLauncher (370)
[2017.03.26-05.15.05:755][183]LogModuleManager: Shutting down and abandoning module SessionFrontend (368)
[2017.03.26-05.15.05:755][183]LogModuleManager: Shutting down and abandoning module ProfilerClient (366)
[2017.03.26-05.15.05:755][183]LogModuleManager: Shutting down and abandoning module DeviceManager (364)
[2017.03.26-05.15.05:755][183]LogModuleManager: Shutting down and abandoning module TargetDeviceServices (363)
[2017.03.26-05.15.05:797][183]LogModuleManager: Shutting down and abandoning module AutomationController (360)
[2017.03.26-05.15.05:797][183]LogModuleManager: Shutting down and abandoning module AutomationWindow (358)
[2017.03.26-05.15.05:797][183]LogModuleManager: Shutting down and abandoning module Layers (356)
[2017.03.26-05.15.05:797][183]LogModuleManager: Shutting down and abandoning module ComponentVisualizers (354)
[2017.03.26-05.15.05:797][183]LogModuleManager: Shutting down and abandoning module DetailCustomizations (352)
[2017.03.26-05.15.05:797][183]LogModuleManager: Shutting down and abandoning module PackagesDialog (350)
[2017.03.26-05.15.05:797][183]LogModuleManager: Shutting down and abandoning module Persona (348)
[2017.03.26-05.15.05:797][183]LogModuleManager: Shutting down and abandoning module AnimGraph (347)
[2017.03.26-05.15.05:797][183]LogModuleManager: Shutting down and abandoning module Kismet (344)
[2017.03.26-05.15.05:798][183]LogModuleManager: Shutting down and abandoning module GraphEditor (342)
[2017.03.26-05.15.05:798][183]LogModuleManager: Shutting down and abandoning module ClassViewer (340)
[2017.03.26-05.15.05:798][183]LogModuleManager: Shutting down and abandoning module Toolbox (338)
[2017.03.26-05.15.05:798][183]LogModuleManager: Shutting down and abandoning module ModuleUI (336)
[2017.03.26-05.15.05:798][183]LogModuleManager: Shutting down and abandoning module MovieSceneTools (334)
[2017.03.26-05.15.05:798][183]LogModuleManager: Shutting down and abandoning module OutputLog (332)
[2017.03.26-05.15.05:798][183]LogModuleManager: Shutting down and abandoning module GammaUI (330)
[2017.03.26-05.15.05:798][183]LogModuleManager: Shutting down and abandoning module Documentation (328)
[2017.03.26-05.15.05:798][183]LogModuleManager: Shutting down and abandoning module Niagara (326)
[2017.03.26-05.15.05:798][183]LogModuleManager: Shutting down and abandoning module StreamingPauseRendering (324)
[2017.03.26-05.15.05:798][183]LogModuleManager: Shutting down and abandoning module AnalyticsET (322)
[2017.03.26-05.15.05:798][183]LogModuleManager: Shutting down and abandoning module PortalServices (320)
[2017.03.26-05.15.05:798][183]LogModuleManager: Shutting down and abandoning module PortalRpc (318)
[2017.03.26-05.15.05:798][183]LogModuleManager: Shutting down and abandoning module MessagingRpc (316)
[2017.03.26-05.15.05:798][183]LogModuleManager: Shutting down and abandoning module AIModule (314)
[2017.03.26-05.15.05:798][183]LogModuleManager: Shutting down and abandoning module GameplayDebugger (313)
[2017.03.26-05.15.05:799][183]LogModuleManager: Shutting down and abandoning module AITestSuite (311)
[2017.03.26-05.15.05:799][183]LogModuleManager: Shutting down and abandoning module ProfilerService (308)
[2017.03.26-05.15.06:031][183]LogModuleManager: Shutting down and abandoning module TaskGraph (306)
[2017.03.26-05.15.06:031][183]LogModuleManager: Shutting down and abandoning module SteamVRController (304)
[2017.03.26-05.15.06:031][183]LogModuleManager: Shutting down and abandoning module SteamVR (302)
[2017.03.26-05.15.06:031][183]LogModuleManager: Shutting down and abandoning module ProceduralMeshComponentEditor (300)
[2017.03.26-05.15.06:031][183]LogModuleManager: Shutting down and abandoning module ProceduralMeshComponent (298)
[2017.03.26-05.15.06:031][183]LogModuleManager: Shutting down and abandoning module OculusLibrary (296)
[2017.03.26-05.15.06:031][183]LogModuleManager: Shutting down and abandoning module OculusInput (294)
[2017.03.26-05.15.06:031][183]LogModuleManager: Shutting down and abandoning module MobilePatchingUtils (292)
[2017.03.26-05.15.06:031][183]LogModuleManager: Shutting down and abandoning module CustomMeshComponent (290)
[2017.03.26-05.15.06:031][183]LogModuleManager: Shutting down and abandoning module CableComponent (288)
[2017.03.26-05.15.06:031][183]LogModuleManager: Shutting down and abandoning module ArchVisCharacter (286)
[2017.03.26-05.15.06:031][183]LogModuleManager: Shutting down and abandoning module MediaPlayerEditor (282)
[2017.03.26-05.15.06:031][183]LogModuleManager: Shutting down and abandoning module HTML5Networking (280)
[2017.03.26-05.15.06:031][183]LogModuleManager: Shutting down and abandoning module AlembicImporter (278)
[2017.03.26-05.15.06:031][183]LogModuleManager: Shutting down and abandoning module AlembicLibrary (277)
[2017.03.26-05.15.06:031][183]LogModuleManager: Shutting down and abandoning module GeometryCache (276)
[2017.03.26-05.15.06:031][183]LogModuleManager: Shutting down and abandoning module GeometryCacheEd (275)
[2017.03.26-05.15.06:031][183]LogModuleManager: Shutting down and abandoning module SuperSearchEditor (270)
[2017.03.26-05.15.06:031][183]LogModuleManager: Shutting down and abandoning module SuperSearch (269)
[2017.03.26-05.15.06:031][183]LogModuleManager: Shutting down and abandoning module SpeedTreeImporter (266)
[2017.03.26-05.15.06:031][183]LogModuleManager: Shutting down and abandoning module PluginBrowser (264)
[2017.03.26-05.15.06:031][183]LogModuleManager: Shutting down and abandoning module MobileLauncherProfileWizard (262)
[2017.03.26-05.15.06:031][183]LogModuleManager: Shutting down and abandoning module EpicSurvey (260)
[2017.03.26-05.15.06:031][183]LogModuleManager: Shutting down and abandoning module VisualStudioSourceCodeAccess (258)
[2017.03.26-05.15.06:031][183]LogModuleManager: Shutting down and abandoning module DesktopPlatform (257)
[2017.03.26-05.15.06:031][183]LogModuleManager: Shutting down and abandoning module UObjectPlugin (254)
[2017.03.26-05.15.06:031][183]LogModuleManager: Shutting down and abandoning module SubversionSourceControl (252)
[2017.03.26-05.15.06:031][183]LogModuleManager: Shutting down and abandoning module PerforceSourceControl (250)
[2017.03.26-05.15.06:031][183]LogModuleManager: Shutting down and abandoning module GitSourceControl (248)
[2017.03.26-05.15.06:032][183]LogModuleManager: Shutting down and abandoning module SourceControl (247)
[2017.03.26-05.15.06:032][183]LogModuleManager: Shutting down and abandoning module LightPropagationVolumeEditor (244)
[2017.03.26-05.15.06:032][183]LogModuleManager: Shutting down and abandoning module PaperTiledImporter (242)
[2017.03.26-05.15.06:032][183]LogModuleManager: Shutting down and abandoning module PaperSpriteSheetImporter (240)
[2017.03.26-05.15.06:032][183]LogModuleManager: Shutting down and abandoning module Paper2DEditor (238)
[2017.03.26-05.15.06:032][183]LogModuleManager: Shutting down and abandoning module MeshPaint (237)
[2017.03.26-05.15.06:032][183]LogModuleManager: Shutting down and abandoning module LevelEditor (235)
[2017.03.26-05.15.06:032][183]LogModuleManager: Shutting down and abandoning module PixelInspectorModule (234)
[2017.03.26-05.15.06:032][183]LogModuleManager: Shutting down and abandoning module MainFrame (232)
[2017.03.26-05.15.06:032][183]LogModuleManager: Shutting down and abandoning module HotReload (231)
[2017.03.26-05.15.06:033][183]LogDirectoryWatcher: A directory notification for 'C:/Users/Liam/Documents/Unreal Projects/BatteryCollector/Binaries/Win64' was aborted.
[2017.03.26-05.15.06:033][183]LogModuleManager: Shutting down and abandoning module ContentBrowser (227)
[2017.03.26-05.15.06:034][183]LogModuleManager: Shutting down and abandoning module BatteryCollector (224)
[2017.03.26-05.15.06:034][183]LogModuleManager: Shutting down and abandoning module PhysXVehiclesEditor (222)
[2017.03.26-05.15.06:034][183]LogModuleManager: Shutting down and abandoning module PhysXVehicles (220)
[2017.03.26-05.15.06:034][183]LogModuleManager: Shutting down and abandoning module LocationServicesBPLibrary (218)
[2017.03.26-05.15.06:034][183]LogModuleManager: Shutting down and abandoning module UdpMessaging (216)
[2017.03.26-05.15.06:134][183]LogModuleManager: Shutting down and abandoning module TcpMessaging (214)
[2017.03.26-05.15.06:235][183]LogModuleManager: Shutting down and abandoning module GameplayTagsEditor (212)
[2017.03.26-05.15.06:235][183]LogModuleManager: Shutting down and abandoning module FacialAnimationEditor (210)
[2017.03.26-05.15.06:235][183]LogModuleManager: Shutting down and abandoning module FacialAnimation (208)
[2017.03.26-05.15.06:235][183]LogModuleManager: Shutting down and abandoning module LightPropagationVolumeRuntime (206)
[2017.03.26-05.15.06:235][183]LogModuleManager: Shutting down and abandoning module Paper2D (204)
[2017.03.26-05.15.06:235][183]LogModuleManager: Shutting down and abandoning module WindowsMoviePlayer (202)
[2017.03.26-05.15.06:235][183]LogModuleManager: Shutting down and abandoning module WmfMedia (200)
[2017.03.26-05.15.06:235][183]LogModuleManager: Shutting down and abandoning module MfMedia (198)
[2017.03.26-05.15.06:235][183]LogModuleManager: Shutting down and abandoning module MediaAssets (196)
[2017.03.26-05.15.06:235][183]LogModuleManager: Shutting down and abandoning module GameLiveStreaming (194)
[2017.03.26-05.15.06:235][183]LogModuleManager: Shutting down and abandoning module VREditor (192)
[2017.03.26-05.15.06:235][183]LogModuleManager: Shutting down and abandoning module GameplayTasksEditor (190)
[2017.03.26-05.15.06:235][183]LogModuleManager: Shutting down and abandoning module BehaviorTreeEditor (188)
[2017.03.26-05.15.06:235][183]LogModuleManager: Shutting down and abandoning module FunctionalTesting (186)
[2017.03.26-05.15.06:235][183]LogModuleManager: Shutting down and abandoning module CollisionAnalyzer (184)
[2017.03.26-05.15.06:235][183]LogModuleManager: Shutting down and abandoning module UMG (182)
[2017.03.26-05.15.06:235][183]LogModuleManager: Shutting down and abandoning module UMGEditor (181)
[2017.03.26-05.15.06:235][183]LogModuleManager: Shutting down and abandoning module Sequencer (180)
[2017.03.26-05.15.06:235][183]LogModuleManager: Shutting down and abandoning module AssetTools (178)
[2017.03.26-05.15.06:235][183]LogModuleManager: Shutting down and abandoning module MessageLog (177)
[2017.03.26-05.15.06:235][183]LogModuleManager: Shutting down and abandoning module WorkspaceMenuStructure (176)
[2017.03.26-05.15.06:235][183]LogModuleManager: Shutting down and abandoning module SlateReflector (170)
[2017.03.26-05.15.06:236][183]LogModuleManager: Shutting down and abandoning module Slate (168)
[2017.03.26-05.15.06:236][183]LogModuleManager: Shutting down and abandoning module EditorStyle (166)
[2017.03.26-05.15.06:238][183]LogModuleManager: Shutting down and abandoning module SourceCodeAccess (164)
[2017.03.26-05.15.06:238][183]LogModuleManager: Shutting down and abandoning module HeadMountedDisplay (162)
[2017.03.26-05.15.06:238][183]LogModuleManager: Shutting down and abandoning module XAudio2 (160)
[2017.03.26-05.15.06:238][183]LogModuleManager: Shutting down and abandoning module Networking (158)
[2017.03.26-05.15.06:238][183]LogModuleManager: Shutting down and abandoning module Core (154)
[2017.03.26-05.15.06:239][183]LogModuleManager: Shutting down and abandoning module AssetRegistry (152)
[2017.03.26-05.15.06:396][183]LogDirectoryWatcher: A directory notification for '../../../Engine/Content/' was aborted.
[2017.03.26-05.15.06:396][183]LogDirectoryWatcher: A directory notification for '../../../../../../Users/Liam/Documents/Unreal Projects/BatteryCollector/Content/' was aborted.
[2017.03.26-05.15.06:396][183]LogDirectoryWatcher: A directory notification for '../../../Engine/Plugins/2D/Paper2D/Content/' was aborted.
[2017.03.26-05.15.06:396][183]LogModuleManager: Shutting down and abandoning module DirectoryWatcher (151)
[2017.03.26-05.15.06:398][183]LogModuleManager: Shutting down and abandoning module KismetCompiler (148)
[2017.03.26-05.15.06:398][183]LogModuleManager: Shutting down and abandoning module PhysXFormats (146)
[2017.03.26-05.15.06:398][183]LogModuleManager: Shutting down and abandoning module MeshUtilities (144)
[2017.03.26-05.15.06:398][183]LogModuleManager: Shutting down and abandoning module SimplygonSwarm (143)
[2017.03.26-05.15.06:398][183]LogModuleManager: Shutting down and abandoning module SimplygonMeshReduction (141)
[2017.03.26-05.15.06:398][183]LogModuleManager: Shutting down and abandoning module QuadricMeshReduction (139)
[2017.03.26-05.15.06:398][183]LogModuleManager: Shutting down and abandoning module PropertyEditor (137)
[2017.03.26-05.15.06:398][183]LogModuleManager: Shutting down and abandoning module DerivedDataCache (134)
[2017.03.26-05.15.06:490][183]LogDerivedDataCache: Shutdown
[2017.03.26-05.15.06:490][183]LogModuleManager: Shutting down and abandoning module TargetPlatform (132)
[2017.03.26-05.15.06:490][183]LogModuleManager: Shutting down and abandoning module VulkanShaderFormat (131)
[2017.03.26-05.15.06:490][183]LogModuleManager: Shutting down and abandoning module ShaderFormatOpenGL (129)
[2017.03.26-05.15.06:490][183]LogModuleManager: Shutting down and abandoning module ShaderFormatD3D (127)
[2017.03.26-05.15.06:490][183]LogModuleManager: Shutting down and abandoning module MetalShaderFormat (125)
[2017.03.26-05.15.06:490][183]LogModuleManager: Shutting down and abandoning module TextureFormatUncompressed (123)
[2017.03.26-05.15.06:490][183]LogModuleManager: Shutting down and abandoning module TextureFormatPVR (121)
[2017.03.26-05.15.06:490][183]LogModuleManager: Shutting down and abandoning module TextureFormatDXT (119)
[2017.03.26-05.15.06:490][183]LogModuleManager: Shutting down and abandoning module TextureFormatIntelISPCTexComp (117)
[2017.03.26-05.15.06:490][183]LogModuleManager: Shutting down and abandoning module TextureFormatASTC (115)
[2017.03.26-05.15.06:490][183]LogModuleManager: Shutting down and abandoning module ImageWrapper (114)
[2017.03.26-05.15.06:490][183]LogModuleManager: Shutting down and abandoning module TextureFormatAndroid (111)
[2017.03.26-05.15.06:490][183]LogModuleManager: Shutting down and abandoning module AudioFormatOpus (109)
[2017.03.26-05.15.06:490][183]LogModuleManager: Shutting down and abandoning module AudioFormatOgg (107)
[2017.03.26-05.15.06:490][183]LogModuleManager: Shutting down and abandoning module AudioFormatADPCM (105)
[2017.03.26-05.15.06:490][183]LogModuleManager: Shutting down and abandoning module LinuxTargetPlatform (103)
[2017.03.26-05.15.06:490][183]LogModuleManager: Shutting down and abandoning module LinuxServerTargetPlatform (101)
[2017.03.26-05.15.06:490][183]LogModuleManager: Shutting down and abandoning module LinuxNoEditorTargetPlatform (99)
[2017.03.26-05.15.06:490][183]LogModuleManager: Shutting down and abandoning module LinuxClientTargetPlatform (97)
[2017.03.26-05.15.06:490][183]LogModuleManager: Shutting down and abandoning module TVOSTargetPlatform (95)
[2017.03.26-05.15.06:490][183]LogModuleManager: Shutting down and abandoning module Messaging (93)
[2017.03.26-05.15.06:490][183]LogModuleManager: Shutting down and abandoning module IOSTargetPlatform (91)
[2017.03.26-05.15.06:490][183]LogModuleManager: Shutting down and abandoning module HTML5TargetPlatform (89)
[2017.03.26-05.15.06:490][183]LogModuleManager: Shutting down and abandoning module Android_PVRTCTargetPlatform (87)
[2017.03.26-05.15.06:490][183]LogModuleManager: Shutting down and abandoning module Android_MultiTargetPlatform (85)
[2017.03.26-05.15.06:490][183]LogModuleManager: Shutting down and abandoning module Android_ETC2TargetPlatform (83)
[2017.03.26-05.15.06:490][183]LogModuleManager: Shutting down and abandoning module Android_ETC1TargetPlatform (81)
[2017.03.26-05.15.06:490][183]LogModuleManager: Shutting down and abandoning module Android_DXTTargetPlatform (79)
[2017.03.26-05.15.06:490][183]LogModuleManager: Shutting down and abandoning module Android_ATCTargetPlatform (77)
[2017.03.26-05.15.06:490][183]LogModuleManager: Shutting down and abandoning module Android_ASTCTargetPlatform (75)
[2017.03.26-05.15.06:490][183]LogModuleManager: Shutting down and abandoning module AndroidTargetPlatform (73)
[2017.03.26-05.15.06:490][183]LogModuleManager: Shutting down and abandoning module WindowsTargetPlatform (71)
[2017.03.26-05.15.06:490][183]LogModuleManager: Shutting down and abandoning module WindowsServerTargetPlatform (69)
[2017.03.26-05.15.06:490][183]LogModuleManager: Shutting down and abandoning module WindowsNoEditorTargetPlatform (67)
[2017.03.26-05.15.06:490][183]LogModuleManager: Shutting down and abandoning module WindowsClientTargetPlatform (65)
[2017.03.26-05.15.06:490][183]LogModuleManager: Shutting down and abandoning module MacTargetPlatform (63)
[2017.03.26-05.15.06:490][183]LogModuleManager: Shutting down and abandoning module MacServerTargetPlatform (61)
[2017.03.26-05.15.06:490][183]LogModuleManager: Shutting down and abandoning module MacNoEditorTargetPlatform (59)
[2017.03.26-05.15.06:490][183]LogModuleManager: Shutting down and abandoning module MacClientTargetPlatform (57)
[2017.03.26-05.15.06:490][183]LogModuleManager: Shutting down and abandoning module AllDesktopTargetPlatform (55)
[2017.03.26-05.15.06:490][183]LogModuleManager: Shutting down and abandoning module InputCore (52)
[2017.03.26-05.15.06:490][183]LogModuleManager: Shutting down and abandoning module Settings (50)
[2017.03.26-05.15.06:490][183]LogModuleManager: Shutting down and abandoning module OculusRift (48)
[2017.03.26-05.15.06:490][183]LogModuleManager: Shutting down and abandoning module GearVR (46)
[2017.03.26-05.15.06:490][183]LogModuleManager: Shutting down and abandoning module ExampleDeviceProfileSelector (44)
[2017.03.26-05.15.06:490][183]LogModuleManager: Shutting down and abandoning module OnlineBlueprintSupport (42)
[2017.03.26-05.15.06:490][183]LogModuleManager: Shutting down and abandoning module OnlineSubsystem (38)
[2017.03.26-05.15.06:490][183]LogOnline:Display: Unloading online subsystem: NULL
[2017.03.26-05.15.06:491][183]LogModuleManager: Shutting down and abandoning module XMPP (37)
[2017.03.26-05.15.06:491][183]LogModuleManager: Shutting down and abandoning module HTTP (35)
[2017.03.26-05.15.06:491][183]LogHttp:Display: Http module shutting down, but needs to wait on 1 outstanding Http requests:
[2017.03.26-05.15.06:491][183]LogHttp:Display: 	verb=[POST] url=[https://datarouter.ol.epicgames.com/datarouter/api/v1/public/data?SessionID=%7B90436869-4EC0-D6B0-0CD1-7D83BFA9A9F8%7D&AppID=UEEditor.Rocket.Release&AppVersion=4.15.1-3348071%2B%2B%2BUE4%2BRelease-4.15&UserID=3c53aeb14f8381cf589af9a05a045162%7C191bcd9e71e141a7a207a951597e632a%7C6892023d-28ec-4f87-8958-26e7706dbce6&AppEnvironment=datacollector-binary&UploadType=eteventstream] status=Processing
[2017.03.26-05.15.06:498][183]LogModuleManager: Shutting down and abandoning module SSL (34)
[2017.03.26-05.15.06:499][183]LogModuleManager: Shutting down and abandoning module AudioEditor (30)
[2017.03.26-05.15.06:499][183]LogModuleManager: Shutting down and abandoning module TextureCompressor (28)
[2017.03.26-05.15.06:500][183]LogModuleManager: Shutting down and abandoning module ShaderCore (26)
[2017.03.26-05.15.06:500][183]LogModuleManager: Shutting down and abandoning module Landscape (24)
[2017.03.26-05.15.06:500][183]LogModuleManager: Shutting down and abandoning module SlateRHIRenderer (22)
[2017.03.26-05.15.06:505][183]LogModuleManager: Shutting down and abandoning module OpenGLDrv (20)
[2017.03.26-05.15.06:505][183]LogModuleManager: Shutting down and abandoning module D3D11RHI (18)
[2017.03.26-05.15.06:505][183]LogModuleManager: Shutting down and abandoning module AnimGraphRuntime (16)
[2017.03.26-05.15.06:505][183]LogModuleManager: Shutting down and abandoning module Renderer (14)
[2017.03.26-05.15.06:505][183]LogModuleManager: Shutting down and abandoning module Engine (12)
[2017.03.26-05.15.06:505][183]LogModuleManager: Shutting down and abandoning module CoreUObject (10)
[2017.03.26-05.15.06:505][183]LogModuleManager: Shutting down and abandoning module NetworkFile (8)
[2017.03.26-05.15.06:505][183]LogModuleManager: Shutting down and abandoning module StreamingFile (6)
[2017.03.26-05.15.06:505][183]LogModuleManager: Shutting down and abandoning module SandboxFile (4)
[2017.03.26-05.15.06:505][183]LogModuleManager: Shutting down and abandoning module PakFile (2)
[2017.03.26-05.15.06:508][183]LogExit: Exiting.
[2017.03.26-05.15.06:510][183]Log file closed, 03/25/17 22:15:06
