Log file open, 03/24/17 22:48:37
LogInit:Display: Running engine for game: BatteryCollector
LogPlatformFile: Not using cached read wrapper
LogInit:Display: RandInit(1303122425) SRandInit(1303122425).
LogTaskGraph: Started task graph with 5 named threads and 8 total threads with 1 sets of task threads.
LogStats: Stats thread started at 0.095013
LogInit: Using libcurl 7.47.1
LogInit:  - built for x86_64-pc-win32
LogInit:  - supports SSL with OpenSSL/1.0.2g
LogInit:  - supports HTTP deflate (compression) using libz 1.2.8
LogInit:  - other features:
LogInit:      CURL_VERSION_SSL
LogInit:      CURL_VERSION_LIBZ
LogInit:      CURL_VERSION_IPV6
LogInit:      CURL_VERSION_ASYNCHDNS
LogInit:      CURL_VERSION_LARGEFILE
LogInit:      CURL_VERSION_IDN
LogInit:  CurlRequestOptions (configurable via config and command line):
LogInit:  - bVerifyPeer = false  - Libcurl will NOT verify peer certificate
LogInit:  - bUseHttpProxy = false  - Libcurl will NOT use HTTP proxy
LogInit:  - bDontReuseConnections = false  - Libcurl will reuse connections
LogInit:  - CertBundlePath = nullptr  - Libcurl will use whatever was configured at build time.
LogInit: Build: ++UE4+Release-4.15-CL-3348071
LogInit: Engine Version: 4.15.1-3348071+++UE4+Release-4.15
LogInit: Compatible Engine Version: 4.15.0-3299760+++UE4+Release-4.15
LogInit: Net CL: 3299760
LogDevObjectVersion: Number of dev versions registered: 14
LogDevObjectVersion:   Dev-Blueprints (B0D832E4-1F89-4F0D-ACCF-7EB736FD4AA2): 8
LogDevObjectVersion:   Dev-Build (E1C64328-A22C-4D53-A36C-8E866417BD8C): 0
LogDevObjectVersion:   Dev-Core (375EC13C-06E4-48FB-B500-84F0262A717E): 2
LogDevObjectVersion:   Dev-Editor (E4B068ED-F494-42E9-A231-DA0B2E46BB41): 14
LogDevObjectVersion:   Dev-Framework (CFFC743F-43B0-4480-9391-14DF171D2073): 22
LogDevObjectVersion:   Dev-Mobile (B02B49B5-BB20-44E9-A304-32B752E40360): 0
LogDevObjectVersion:   Dev-Networking (A4E4105C-59A1-49B5-A7C5-40C4547EDFEE): 0
LogDevObjectVersion:   Dev-Online (39C831C9-5AE6-47DC-9A44-9C173E1C8E7C): 0
LogDevObjectVersion:   Dev-Physics (78F01B33-EBEA-4F98-B9B4-84EACCB95AA2): 0
LogDevObjectVersion:   Dev-Platform (6631380F-2D4D-43E0-8009-CF276956A95A): 0
LogDevObjectVersion:   Dev-Rendering (12F88B9F-8875-4AFC-A67C-D90C383ABD29): 12
LogDevObjectVersion:   Dev-Sequencer (7B5AE74C-D270-4C10-A958-57980B212A5A): 3
LogDevObjectVersion:   Dev-VR (D7296918-1DD6-4BDD-9DE2-64A83CC13884): 0
LogDevObjectVersion:   Dev-LoadTimes (C2A15278-BFE7-4AFE-6C17-90FF531DF755): 1
LogInit: Compiled (64-bit): Mar 15 2017 16:52:47
LogInit: Compiled with Visual C++: 19.00.23026.00
LogInit: Build Configuration: Development
LogInit: Branch Name: ++UE4+Release-4.15
LogInit: Command line: -EpicPortal 
LogInit: Base directory: C:/Program Files/Epic Games/UE_4.15/Engine/Binaries/Win64/
LogInit: Installed Engine Build: 1
LogInit: Presizing for max 8388607 objects, including 0 objects not considered by GC, pre-allocating 0 bytes for permanent pool.
LogInit: Object subsystem initialized
[2017.03.25-05.48.39:209][  0]LogInit: Selected Device Profile: [Windows]
[2017.03.25-05.48.39:209][  0]LogInit: Applying CVar settings loaded from the selected device profile: [Windows]
[2017.03.25-05.48.39:290][  0]LogInit: Computer: ULTIMATESKIBUM
[2017.03.25-05.48.39:290][  0]LogInit: User: Liam
[2017.03.25-05.48.39:290][  0]LogInit: CPU Page size=65536, Cores=4
[2017.03.25-05.48.39:290][  0]LogInit: High frequency timer resolution =3.906387 MHz
[2017.03.25-05.48.39:290][  0]LogMemory: Memory total: Physical=7.9GB (8GB approx)
[2017.03.25-05.48.39:290][  0]LogMemory: Platform Memory Stats for Windows
[2017.03.25-05.48.39:290][  0]LogMemory: Process Physical Memory: 263.40 MB used, 263.40 MB peak
[2017.03.25-05.48.39:290][  0]LogMemory: Process Virtual Memory: 262.66 MB used, 262.66 MB peak
[2017.03.25-05.48.39:291][  0]LogMemory: Physical Memory: 6987.18 MB used,  1151.82 MB free, 8139.00 MB total
[2017.03.25-05.48.39:291][  0]LogMemory: Virtual Memory: 645.13 MB used,  1151.82 MB free, 134217728.00 MB total
[2017.03.25-05.48.40:238][  0]LogTextLocalizationManager: No specific translations for ('en-US') exist, so ('en') translations will be used.
[2017.03.25-05.48.46:750][  0]LogD3D11RHI: D3D11 adapters:
[2017.03.25-05.48.47:260][  0]LogD3D11RHI:    0. 'NVIDIA GeForce GTX 770' (Feature Level 11_0)
[2017.03.25-05.48.47:260][  0]LogD3D11RHI:       4063/0/4069 MB DedicatedVideo/DedicatedSystem/SharedSystem, Outputs:1, VendorId:0x10de
[2017.03.25-05.48.47:337][  0]LogD3D11RHI:    1. 'Microsoft Basic Render Driver' (Feature Level 11_0)
[2017.03.25-05.48.47:337][  0]LogD3D11RHI:       0/0/4069 MB DedicatedVideo/DedicatedSystem/SharedSystem, Outputs:0, VendorId:0x1414
[2017.03.25-05.48.47:337][  0]LogD3D11RHI: Chosen D3D11 Adapter: 0
[2017.03.25-05.48.47:346][  0]LogD3D11RHI: Creating new Direct3DDevice
[2017.03.25-05.48.47:346][  0]LogD3D11RHI:     GPU DeviceId: 0x1184 (for the marketing name, search the web for "GPU Device Id")
[2017.03.25-05.48.47:346][  0]LogWindows: EnumDisplayDevices:
[2017.03.25-05.48.47:346][  0]LogWindows:    0. 'NVIDIA GeForce GTX 770' (P:1 D:1)
[2017.03.25-05.48.47:346][  0]LogWindows:    1. 'NVIDIA GeForce GTX 770' (P:0 D:0)
[2017.03.25-05.48.47:346][  0]LogWindows:    2. 'NVIDIA GeForce GTX 770' (P:0 D:0)
[2017.03.25-05.48.47:346][  0]LogWindows:    3. 'NVIDIA GeForce GTX 770' (P:0 D:0)
[2017.03.25-05.48.47:346][  0]LogWindows: DebugString: FoundDriverCount:4 
[2017.03.25-05.48.47:346][  0]LogD3D11RHI:     Adapter Name: NVIDIA GeForce GTX 770
[2017.03.25-05.48.47:347][  0]LogD3D11RHI:   Driver Version: 378.92 (internal:21.21.13.7892, unified:378.92)
[2017.03.25-05.48.47:347][  0]LogD3D11RHI:      Driver Date: 3-16-2017
[2017.03.25-05.48.47:347][  0]LogRHI: Texture pool is 1361 MB (70% of 1945 MB)
[2017.03.25-05.48.47:863][  0]LogD3D11RHI:Warning: Timestamp queries are currently disabled on this hardware due to instability. Realtime GPU stats will not be available. You can override this behaviour by setting r.NVIDIATimestampWorkaround to 0
[2017.03.25-05.48.47:864][  0]LogD3D11RHI: Async texture creation enabled
[2017.03.25-05.48.48:004][  0]LogD3D11RHI: GPU Timing Frequency: 1000.000000 (Debug: 2 2)
[2017.03.25-05.48.48:057][  0]LogShaderCompilers: Guid format shader working directory is -26 characters bigger than the processId version (../../../../../../Users/Liam/Documents/Unreal Projects/BatteryCollector/Intermediate/Shaders/WorkingDirectory/2952/).
[2017.03.25-05.48.48:077][  0]LogShaderCompilers: Cleaned the shader compiler working directory 'C:/Users/Liam/AppData/Local/Temp/UnrealShaderWorkingDir/26ABC6C34C8D030F3E881E891A95B99B/'.
[2017.03.25-05.48.48:077][  0]LogShaderCompilers:Display: Using Local Shader Compiler.
[2017.03.25-05.48.52:988][  0]LogTemp:Display: Loaded TP AllDesktopTargetPlatform
[2017.03.25-05.48.53:076][  0]LogTemp:Display: Loaded TP MacClientTargetPlatform
[2017.03.25-05.48.53:180][  0]LogTemp:Display: Loaded TP MacNoEditorTargetPlatform
[2017.03.25-05.48.53:268][  0]LogTemp:Display: Loaded TP MacServerTargetPlatform
[2017.03.25-05.48.53:385][  0]LogTemp:Display: Loaded TP MacTargetPlatform
[2017.03.25-05.48.53:473][  0]LogTemp:Display: Loaded TP WindowsClientTargetPlatform
[2017.03.25-05.48.53:561][  0]LogTemp:Display: Loaded TP WindowsNoEditorTargetPlatform
[2017.03.25-05.48.53:649][  0]LogTemp:Display: Loaded TP WindowsServerTargetPlatform
[2017.03.25-05.48.53:724][  0]LogTemp:Display: Loaded TP WindowsTargetPlatform
[2017.03.25-05.48.53:820][  0]LogTemp:Display: Loaded TP AndroidTargetPlatform
[2017.03.25-05.48.53:906][  0]LogTemp:Display: Loaded TP Android_ASTCTargetPlatform
[2017.03.25-05.48.53:993][  0]LogTemp:Display: Loaded TP Android_ATCTargetPlatform
[2017.03.25-05.48.54:079][  0]LogTemp:Display: Loaded TP Android_DXTTargetPlatform
[2017.03.25-05.48.54:165][  0]LogTemp:Display: Loaded TP Android_ETC1TargetPlatform
[2017.03.25-05.48.54:252][  0]LogTemp:Display: Loaded TP Android_ETC2TargetPlatform
[2017.03.25-05.48.54:425][  0]LogTemp:Display: Loaded TP Android_MultiTargetPlatform
[2017.03.25-05.48.54:425][  0]LogTemp:Display: Loaded TP Android_PVRTCTargetPlatform
[2017.03.25-05.48.54:490][  0]LogTemp:Display: Loaded TP HTML5TargetPlatform
[2017.03.25-05.48.54:696][  0]LogTemp:Display: Loaded TP IOSTargetPlatform
[2017.03.25-05.48.54:753][  0]LogTemp:Display: Loaded TP TVOSTargetPlatform
[2017.03.25-05.48.54:839][  0]LogTemp:Display: Loaded TP LinuxClientTargetPlatform
[2017.03.25-05.48.54:925][  0]LogTemp:Display: Loaded TP LinuxNoEditorTargetPlatform
[2017.03.25-05.48.55:013][  0]LogTemp:Display: Loaded TP LinuxServerTargetPlatform
[2017.03.25-05.48.55:121][  0]LogTemp:Display: Loaded TP LinuxTargetPlatform
[2017.03.25-05.48.55:121][  0]LogTargetPlatformManager:Display: Building Assets For Windows
[2017.03.25-05.48.56:127][  0]LogDerivedDataCache:Display: Max Cache Size: 512 MB
[2017.03.25-05.48.56:613][  0]LogDerivedDataCache: Loaded boot cache 0.48s 52MB C:/Users/Liam/AppData/Local/UnrealEngine/4.15/DerivedDataCache/Boot.ddc.
[2017.03.25-05.48.56:613][  0]LogDerivedDataCache:Display: Loaded Boot cache: C:/Users/Liam/AppData/Local/UnrealEngine/4.15/DerivedDataCache/Boot.ddc
[2017.03.25-05.48.56:613][  0]LogDerivedDataCache: FDerivedDataBackendGraph:  Pak pak cache file ../../../../../../Users/Liam/Documents/Unreal Projects/BatteryCollector/DerivedDataCache/DDC.ddp not found, will not use a pak cache.
[2017.03.25-05.48.56:613][  0]LogDerivedDataCache: Unable to find inner node Pak for hierarchical cache Hierarchy.
[2017.03.25-05.48.56:613][  0]LogDerivedDataCache: FDerivedDataBackendGraph:  CompressedPak pak cache file ../../../../../../Users/Liam/Documents/Unreal Projects/BatteryCollector/DerivedDataCache/Compressed.ddp not found, will not use a pak cache.
[2017.03.25-05.48.56:613][  0]LogDerivedDataCache: Unable to find inner node CompressedPak for hierarchical cache Hierarchy.
[2017.03.25-05.48.56:645][  0]LogDerivedDataCache:Display: Pak cache opened for reading ../../../Engine/DerivedDataCache/Compressed.ddp.
[2017.03.25-05.48.56:666][  0]LogDerivedDataCache: Using Local data cache path C:/Users/Liam/AppData/Local/UnrealEngine/Common/DerivedDataCache: Writable
[2017.03.25-05.48.56:680][  0]LogSlate: Using Freetype 2.6.0
[2017.03.25-05.48.56:746][  0]LogSlate: SlateFontCache - WITH_FREETYPE: 1, WITH_HARFBUZZ: 1
[2017.03.25-05.48.56:746][  0]LogSlate: SlateFontCache - WITH_FREETYPE: 1, WITH_HARFBUZZ: 1
[2017.03.25-05.49.02:647][  0]LogInit: Selected Device Profile: [Windows]
[2017.03.25-05.49.02:651][  0]LogContentStreaming: Texture pool size is 0.00 MB
[2017.03.25-05.49.02:965][  0]LogMeshUtilities: Using QuadricMeshReduction for automatic static mesh reduction
[2017.03.25-05.49.03:066][  0]LogSimplygon: Simplygon DLL not present - disabling.
[2017.03.25-05.49.03:159][  0]LogMeshUtilities: Using SimplygonSwarm for distributed automatic mesh merging
[2017.03.25-05.49.03:159][  0]LogMeshUtilities: No automatic skeletal mesh reduction module available
[2017.03.25-05.49.03:159][  0]LogMeshUtilities: No automatic mesh merging module available
[2017.03.25-05.49.04:035][  0]LogNetVersion: GetLocalNetworkVersion: CL: 3299760, ProjectName: batterycollector, ProjectVersion: , EngineNetworkVersion: 2, GameNetworkVersion: 0, NetworkChecksum: 2727626990
[2017.03.25-05.49.04:117][  0]LogAssetRegistry: FAssetRegistry took 0.0215 seconds to start up
[2017.03.25-05.49.04:225][  0]LogPackageLocalizationCache: Processed 3 localized package path(s) for 2 prioritized culture(s) in 0.072405 seconds
[2017.03.25-05.49.04:233][  0]LogUObjectArray: 32493 objects as part of root set at end of initial load.
[2017.03.25-05.49.04:233][  0]LogUObjectAllocator: 7077024 out of 0 bytes used by permanent object pool.
[2017.03.25-05.49.04:233][  0]LogUObjectArray: CloseDisregardForGC: 0/0 objects in disregard for GC pool
[2017.03.25-05.49.04:343][  0]LogInit: WinSock: version 1.1 (2.2), MaxSocks=32767, MaxUdp=65467
[2017.03.25-05.49.34:992][  0]LogTcpMessaging: Initializing TcpMessaging bridge
[2017.03.25-05.49.35:102][  0]LogUdpMessaging: Initializing bridge on interface 0.0.0.0:0 to multicast group 230.0.0.1:6666.
[2017.03.25-05.49.36:818][  0]LogMaterial: Uniform references updated for custom material expression Custom.
[2017.03.25-05.49.37:479][  0]SourceControl: Info Source control is disabled
[2017.03.25-05.49.37:484][  0]SourceControl: Info Source control is disabled
[2017.03.25-05.49.37:580][  0]SourceControl: Info Source control is disabled
[2017.03.25-05.49.37:678][  0]SourceControl: Info Source control is disabled
[2017.03.25-05.49.40:122][  0]LogEngine: Initializing Engine...
[2017.03.25-05.49.40:122][  0]LogHMD: Failed to initialize OpenVR with code 110
[2017.03.25-05.49.40:461][  0]LogAIModule: Creating AISystem for world Untitled
[2017.03.25-05.49.40:500][  0]LogInit: XAudio2 using 'Headset Earphone (Logitech G933 Gaming Headset)' : 2 channels at 44.1 kHz using 16 bits per sample (channel mask 0x3)
[2017.03.25-05.49.40:535][  0]LogInit: FAudioDevice initialized.
[2017.03.25-05.49.40:591][  0]LogDerivedDataCache: Saved boot cache 0.06s 52MB C:/Users/Liam/AppData/Local/UnrealEngine/4.15/DerivedDataCache/Boot.ddc.
[2017.03.25-05.49.40:610][  0]LogInit: Texture streaming: Enabled
[2017.03.25-05.49.40:820][  0]LogEngineSessionManager: EngineSessionManager initialized
[2017.03.25-05.49.41:025][  0]LogWindowsTextInputMethodSystem:Display: IME system now deactivated.
[2017.03.25-05.49.41:275][  0]LogInit: Transaction tracking system initialized
[2017.03.25-05.49.42:087][  0]BlueprintLog: New page: Editor Load
[2017.03.25-05.49.45:025][  0]LocalizationService: Info Localization service is disabled
[2017.03.25-05.49.46:802][  0]LogConsoleResponse:Display: 
[2017.03.25-05.49.47:769][  0]LogCook:Display: Max memory allowance for cook 16384mb min free memory 0mb
[2017.03.25-05.49.47:769][  0]LogCook:Display: Mobile HDR setting 1
[2017.03.25-05.49.48:750][  0]LogFileCache: Scanning file cache for directory 'C:/Users/Liam/Documents/Unreal Projects/BatteryCollector/Content/' took 0.02s
[2017.03.25-05.49.50:994][  0]SourceControl: Info Source control is disabled
[2017.03.25-05.49.50:994][  0]Cmd: MAP LOAD FILE="../../../../../../Users/Liam/Documents/Unreal Projects/BatteryCollector/Content/ThirdPersonCPP/Maps/ThirdPersonExampleMap.umap" TEMPLATE=0 SHOWPROGRESS=1 FEATURELEVEL=3
[2017.03.25-05.49.51:025][  0]LightingResults: New page: Lighting Build
[2017.03.25-05.49.51:092][  0]MapCheck: New page: Map Check
[2017.03.25-05.49.51:092][  0]LightingResults: New page: Lighting Build
[2017.03.25-05.49.52:049][  0]LogAIModule: Creating AISystem for world ThirdPersonExampleMap
[2017.03.25-05.49.52:140][  0]LogEditorServer: Finished looking for orphan Actors (0.000 secs)
[2017.03.25-05.49.52:140][  0]Cmd: MAP CHECKDEP NOCLEARLOG
[2017.03.25-05.49.52:207][  0]MapCheck: Info Map check complete: 0 Error(s), 0 Warning(s), took 66.542ms to complete.
[2017.03.25-05.49.52:207][  0]LogFileHelpers: Loading map 'ThirdPersonExampleMap' took 1.214
[2017.03.25-05.49.52:553][  0]LogCollectionManager: Loaded 0 collections in 0.002450 seconds
[2017.03.25-05.49.52:661][  0]LogFileCache: Scanning file cache for directory 'C:/Users/Liam/Documents/Unreal Projects/BatteryCollector/Saved/Collections/' took 0.01s
[2017.03.25-05.49.52:661][  0]LogFileCache: Scanning file cache for directory 'C:/Users/Liam/Documents/Unreal Projects/BatteryCollector/Content/Developers/Liam/Collections/' took 0.01s
[2017.03.25-05.49.52:661][  0]LogFileCache: Scanning file cache for directory 'C:/Users/Liam/Documents/Unreal Projects/BatteryCollector/Content/Collections/' took 0.01s
[2017.03.25-05.49.52:661][  0]LogCollectionManager: Rebuilt the GUID cache for 0 collections in 0.000003 seconds
[2017.03.25-05.49.52:676][  0]LogContentBrowser: Native class hierarchy populated in 0.0149 seconds. Added 2247 classes and 455 folders.
[2017.03.25-05.49.52:697][  0]LogStats: UGameplayTagsManager::ConstructGameplayTagTree: Construct from data asset -  0.000 s
[2017.03.25-05.49.52:697][  0]LogStats: UGameplayTagsManager::ConstructGameplayTagTree: GameplayTagTreeChangedEvent.Broadcast -  0.000 s
[2017.03.25-05.49.52:802][  0]LogContentBrowser: Native class hierarchy updated for 'WidgetCarousel' in 0.0023 seconds. Added 0 classes and 0 folders.
[2017.03.25-05.49.56:825][  0]LogContentBrowser: Native class hierarchy updated for 'AddContentDialog' in 0.0024 seconds. Added 0 classes and 0 folders.
[2017.03.25-05.49.56:942][  0]LogContentBrowser: Native class hierarchy updated for 'SceneOutliner' in 0.0025 seconds. Added 1 classes and 2 folders.
[2017.03.25-05.49.57:065][  0]LogCrashTracker: Crashtracker disabled due to settings.
[2017.03.25-05.49.57:076][  0]LogUObjectGlobals:Warning: Failed to find object 'Class None.'
[2017.03.25-05.49.57:237][  0]LogContentBrowser: Native class hierarchy updated for 'HierarchicalLODOutliner' in 0.0025 seconds. Added 1 classes and 2 folders.
[2017.03.25-05.49.57:238][  0]LogLoad: (Engine Initialization) Total time: 83.83 seconds
[2017.03.25-05.49.57:238][  0]LogLoad: (Engine Initialization) Total Blueprint compile time: 0.27 seconds
[2017.03.25-05.49.57:238][  0]LogExternalProfiler: Found external profiler: VSPerf
[2017.03.25-05.49.57:238][  0]LogExternalProfiler: Using external profiler: VSPerf
[2017.03.25-05.49.57:247][  0]LogOcInput: OculusInput pre-init called
[2017.03.25-05.49.57:270][  0]LogContentStreaming: Texture pool size now 1000 MB
[2017.03.25-05.49.57:402][  0]LogSlate: Took 0.130926 seconds to synchronously load lazily loaded font '../../../Engine/Content/Slate/Fonts/Roboto-Regular.ttf' (155K)
[2017.03.25-05.49.57:512][  0]LogSlate: Took 0.104464 seconds to synchronously load lazily loaded font '../../../Engine/Content/Slate/Fonts/Roboto-Bold.ttf' (160K)
[2017.03.25-05.49.57:661][  0]LogSlate: Took 0.142442 seconds to synchronously load lazily loaded font '../../../Engine/Content/Editor/Slate/Fonts/FontAwesome.ttf' (139K)
[2017.03.25-05.49.58:369][  0]LogRenderer: Reallocating scene render targets to support 1164x580 NumSamples 1 (Frame:2).
[2017.03.25-05.49.58:369][  0]LogSlate: Took 0.105638 seconds to synchronously load lazily loaded font '../../../Engine/Content/Slate/Fonts/Roboto-Light.ttf' (159K)
[2017.03.25-05.49.58:477][  1]LogAssetRegistry: Asset discovery search completed in 54.3821 seconds
[2017.03.25-05.49.58:477][  1]LogCollectionManager: Rebuilt the object cache for 0 collections in 0.000008 seconds (found 0 objects)
[2017.03.25-05.49.58:477][  1]LogCollectionManager: Fixed up redirectors for 0 collections in 0.000027 seconds (updated 0 objects)
[2017.03.25-06.04.33:714][452]LogSlate: Took 0.026348 seconds to synchronously load lazily loaded font '../../../Engine/Content/Slate/Fonts/Roboto-Light.ttf' (159K)
[2017.03.25-06.04.35:852][526]LogSlate: Took 0.000610 seconds to synchronously load lazily loaded font '../../../Engine/Content/Slate/Fonts/Roboto-Light.ttf' (159K)
[2017.03.25-06.04.37:700][526]LogSlate: Took 0.088007 seconds to synchronously load lazily loaded font '../../../Engine/Content/Slate/Fonts/Roboto-Regular.ttf' (155K)
[2017.03.25-06.04.45:999][526]LogContentBrowser: Native class hierarchy updated for 'BlueprintGraph' in 0.0318 seconds. Added 112 classes and 0 folders.
[2017.03.25-06.04.48:729][526]LogSlate: Took 0.029587 seconds to synchronously load lazily loaded font '../../../Engine/Content/Editor/Slate/Fonts/Roboto-BoldCondensed.ttf' (158K)
[2017.03.25-06.17.08:642][306]LogHttp:Warning: 000001FC7DBEA080: request failed, libcurl error: 6 (Couldn't resolve host name)
[2017.03.25-06.17.08:706][306]LogHttp:Warning: 000001FC7DBEA080: libcurl info message cache 0 (Connection 10 seems to be dead!)
[2017.03.25-06.17.08:706][306]LogHttp:Warning: 000001FC7DBEA080: libcurl info message cache 1 (Closing connection 10)
[2017.03.25-06.17.08:706][306]LogHttp:Warning: 000001FC7DBEA080: libcurl info message cache 2 (TLSv1.2 (OUT), TLS alert, Client hello (1):)
[2017.03.25-06.17.08:706][306]LogHttp:Warning: 000001FC7DBEA080: libcurl info message cache 3 (Could not resolve host: datarouter.ol.epicgames.com)
[2017.03.25-06.17.08:706][306]LogHttp:Warning: 000001FC7DBEA080: libcurl info message cache 4 (Closing connection 11)
[2017.03.25-06.54.22:290][ 65]LogUProjectInfo: Found projects:
[2017.03.25-06.54.27:781][444]Cmd: CLOSE_SLATE_MAINFRAME
[2017.03.25-06.54.40:907][445]Cmd: QUIT_EDITOR
[2017.03.25-06.54.47:116][445]LogWindowsTextInputMethodSystem:Display: IME system now deactivated.
[2017.03.25-06.54.49:078][445]LogExit: Preparing to exit.
[2017.03.25-06.55.06:237][445]LogDirectoryWatcher: A directory notification for 'C:/Users/Liam/Documents/Unreal Projects/BatteryCollector/Content/' was aborted.
[2017.03.25-06.55.14:416][445]LogExit: Editor shut down
[2017.03.25-06.55.14:672][445]LogExit: Transaction tracking system shut down
[2017.03.25-06.55.42:876][445]LogObj: Freed 0b from 0 cluster array pools.
[2017.03.25-06.55.42:878][445]LogExit: Object subsystem successfully closed.
[2017.03.25-06.55.45:873][445]LogD3D11RHI: Shutdown
[2017.03.25-06.55.45:890][445]LogD3D11RHI: CleanupD3DDevice
[2017.03.25-06.55.52:150][445]LogD3D11RHI: ~FD3D11DynamicRHI
[2017.03.25-06.55.57:918][445]LogModuleManager: Shutting down and abandoning module BlueprintGraph (504)
[2017.03.25-06.55.57:918][445]LogModuleManager: Shutting down and abandoning module BlueprintProfiler (502)
[2017.03.25-06.55.58:011][445]LogModuleManager: Shutting down and abandoning module HierarchicalLODOutliner (500)
[2017.03.25-06.55.58:027][445]LogModuleManager: Shutting down and abandoning module CrashTracker (498)
[2017.03.25-06.55.58:046][445]LogModuleManager: Shutting down and abandoning module SceneOutliner (496)
[2017.03.25-06.55.58:066][445]LogModuleManager: Shutting down and abandoning module AddContentDialog (494)
[2017.03.25-06.55.58:170][445]LogDirectoryWatcher: A directory notification for 'C:/Program Files/Epic Games/UE_4.15/FeaturePacks/' was aborted.
[2017.03.25-06.55.59:456][445]LogModuleManager: Shutting down and abandoning module WidgetCarousel (493)
[2017.03.25-06.55.59:456][445]LogModuleManager: Shutting down and abandoning module EditorWidgets (490)
[2017.03.25-06.55.59:456][445]LogModuleManager: Shutting down and abandoning module CollectionManager (488)
[2017.03.25-06.55.59:496][445]LogDirectoryWatcher: A directory notification for 'C:/Users/Liam/Documents/Unreal Projects/BatteryCollector/Content/Collections/' was aborted.
[2017.03.25-06.55.59:496][445]LogDirectoryWatcher: A directory notification for 'C:/Users/Liam/Documents/Unreal Projects/BatteryCollector/Content/Developers/Liam/Collections/' was aborted.
[2017.03.25-06.55.59:497][445]LogDirectoryWatcher: A directory notification for 'C:/Users/Liam/Documents/Unreal Projects/BatteryCollector/Saved/Collections/' was aborted.
[2017.03.25-06.55.59:497][445]LogModuleManager: Shutting down and abandoning module StatsViewer (486)
[2017.03.25-06.55.59:677][445]LogModuleManager: Shutting down and abandoning module FoliageEdit (484)
[2017.03.25-06.55.59:919][445]LogModuleManager: Shutting down and abandoning module LandscapeEditor (482)
[2017.03.25-06.56.01:796][445]LogModuleManager: Shutting down and abandoning module SceneDepthPickerMode (480)
[2017.03.25-06.56.01:796][445]LogModuleManager: Shutting down and abandoning module ActorPickerMode (478)
[2017.03.25-06.56.01:796][445]LogModuleManager: Shutting down and abandoning module GeometryMode (476)
[2017.03.25-06.56.02:196][445]LogModuleManager: Shutting down and abandoning module TextureAlignMode (474)
[2017.03.25-06.56.02:196][445]LogModuleManager: Shutting down and abandoning module BspMode (472)
[2017.03.25-06.56.02:268][445]LogModuleManager: Shutting down and abandoning module HardwareSurvey (470)
[2017.03.25-06.56.02:306][445]LogModuleManager: Shutting down and abandoning module SequenceRecorderSections (468)
[2017.03.25-06.56.02:306][445]LogModuleManager: Shutting down and abandoning module AutomationWorker (466)
[2017.03.25-06.56.02:525][445]LogModuleManager: Shutting down and abandoning module MatineeToLevelSequence (464)
[2017.03.25-06.56.02:602][445]LogModuleManager: Shutting down and abandoning module LevelSequenceEditor (462)
[2017.03.25-06.56.02:907][445]LogModuleManager: Shutting down and abandoning module PlacementMode (461)
[2017.03.25-06.56.02:919][445]LogModuleManager: Shutting down and abandoning module WmfMediaFactory (458)
[2017.03.25-06.56.02:919][445]LogModuleManager: Shutting down and abandoning module WmfMediaEditor (456)
[2017.03.25-06.56.02:920][445]LogModuleManager: Shutting down and abandoning module MfMediaFactory (454)
[2017.03.25-06.56.02:920][445]LogModuleManager: Shutting down and abandoning module MfMediaEditor (452)
[2017.03.25-06.56.02:920][445]LogModuleManager: Shutting down and abandoning module AvfMediaFactory (450)
[2017.03.25-06.56.02:920][445]LogModuleManager: Shutting down and abandoning module AvfMediaEditor (448)
[2017.03.25-06.56.02:920][445]LogModuleManager: Shutting down and abandoning module AndroidMediaFactory (446)
[2017.03.25-06.56.02:920][445]LogModuleManager: Shutting down and abandoning module Media (445)
[2017.03.25-06.56.02:920][445]LogModuleManager: Shutting down and abandoning module AndroidMediaEditor (442)
[2017.03.25-06.56.02:920][445]LogModuleManager: Shutting down and abandoning module CharacterAI (440)
[2017.03.25-06.56.02:920][445]LogModuleManager: Shutting down and abandoning module AudioCapture (438)
[2017.03.25-06.56.02:951][445]LogModuleManager: Shutting down and abandoning module SequenceRecorder (437)
[2017.03.25-06.56.03:084][445]LogModuleManager: Shutting down and abandoning module SmartSnapping (434)
[2017.03.25-06.56.03:084][445]LogModuleManager: Shutting down and abandoning module SessionServices (432)
[2017.03.25-06.56.03:126][445]LogModuleManager: Shutting down and abandoning module ViewportSnapping (430)
[2017.03.25-06.56.03:126][445]LogModuleManager: Shutting down and abandoning module ViewportInteraction (428)
[2017.03.25-06.56.03:126][445]LogModuleManager: Shutting down and abandoning module LogVisualizer (426)
[2017.03.25-06.56.03:370][445]LogModuleManager: Shutting down and abandoning module IntroTutorials (424)
[2017.03.25-06.56.03:528][445]LogModuleManager: Shutting down and abandoning module GameProjectGeneration (423)
[2017.03.25-06.56.03:528][445]LogModuleManager: Shutting down and abandoning module EditorLiveStreaming (420)
[2017.03.25-06.56.03:596][445]LogModuleManager: Shutting down and abandoning module IOSPlatformEditor (418)
[2017.03.25-06.56.03:676][445]LogModuleManager: Shutting down and abandoning module HTML5PlatformEditor (416)
[2017.03.25-06.56.03:676][445]LogModuleManager: Shutting down and abandoning module AndroidPlatformEditor (414)
[2017.03.25-06.56.03:800][445]LogModuleManager: Shutting down and abandoning module AndroidDeviceDetection (413)
[2017.03.25-06.56.04:540][445]LogModuleManager: Shutting down and abandoning module IOSRuntimeSettings (410)
[2017.03.25-06.56.04:540][445]LogModuleManager: Shutting down and abandoning module AndroidRuntimeSettings (408)
[2017.03.25-06.56.04:540][445]LogModuleManager: Shutting down and abandoning module InputBindingEditor (406)
[2017.03.25-06.56.04:599][445]LogModuleManager: Shutting down and abandoning module NiagaraEditor (404)
[2017.03.25-06.56.04:808][445]LogModuleManager: Shutting down and abandoning module MergeActors (402)
[2017.03.25-06.56.04:819][445]LogModuleManager: Shutting down and abandoning module SizeMap (400)
[2017.03.25-06.56.04:847][445]LogModuleManager: Shutting down and abandoning module TreeMap (398)
[2017.03.25-06.56.04:941][445]LogModuleManager: Shutting down and abandoning module ReferenceViewer (396)
[2017.03.25-06.56.05:016][445]LogModuleManager: Shutting down and abandoning module LocalizationDashboard (394)
[2017.03.25-06.56.05:167][445]LogModuleManager: Shutting down and abandoning module LocalizationService (393)
[2017.03.25-06.56.05:268][445]LogModuleManager: Shutting down and abandoning module HardwareTargeting (390)
[2017.03.25-06.56.05:311][445]LogModuleManager: Shutting down and abandoning module DeviceProfileEditor (388)
[2017.03.25-06.56.05:350][445]LogModuleManager: Shutting down and abandoning module UndoHistory (386)
[2017.03.25-06.56.05:407][445]LogModuleManager: Shutting down and abandoning module UserFeedback (384)
[2017.03.25-06.56.05:407][445]LogModuleManager: Shutting down and abandoning module XmlParser (382)
[2017.03.25-06.56.05:444][445]LogModuleManager: Shutting down and abandoning module Blutility (380)
[2017.03.25-06.56.05:465][445]LogModuleManager: Shutting down and abandoning module ProjectSettingsViewer (378)
[2017.03.25-06.56.05:465][445]LogModuleManager: Shutting down and abandoning module ProjectTargetPlatformEditor (377)
[2017.03.25-06.56.05:589][445]LogModuleManager: Shutting down and abandoning module EditorSettingsViewer (374)
[2017.03.25-06.56.05:589][445]LogModuleManager: Shutting down and abandoning module SettingsEditor (372)
[2017.03.25-06.56.05:700][445]LogModuleManager: Shutting down and abandoning module ProjectLauncher (370)
[2017.03.25-06.56.05:834][445]LogModuleManager: Shutting down and abandoning module SessionFrontend (368)
[2017.03.25-06.56.05:870][445]LogModuleManager: Shutting down and abandoning module ProfilerClient (366)
[2017.03.25-06.56.05:907][445]LogModuleManager: Shutting down and abandoning module DeviceManager (364)
[2017.03.25-06.56.06:013][445]LogModuleManager: Shutting down and abandoning module TargetDeviceServices (363)
[2017.03.25-06.56.06:073][445]LogModuleManager: Shutting down and abandoning module AutomationController (360)
[2017.03.25-06.56.06:114][445]LogModuleManager: Shutting down and abandoning module AutomationWindow (358)
[2017.03.25-06.56.06:210][445]LogModuleManager: Shutting down and abandoning module Layers (356)
[2017.03.25-06.56.06:241][445]LogModuleManager: Shutting down and abandoning module ComponentVisualizers (354)
[2017.03.25-06.56.06:264][445]LogModuleManager: Shutting down and abandoning module DetailCustomizations (352)
[2017.03.25-06.56.06:443][445]LogModuleManager: Shutting down and abandoning module PackagesDialog (350)
[2017.03.25-06.56.06:566][445]LogModuleManager: Shutting down and abandoning module Persona (348)
[2017.03.25-06.56.06:782][445]LogModuleManager: Shutting down and abandoning module AnimGraph (347)
[2017.03.25-06.56.06:782][445]LogModuleManager: Shutting down and abandoning module Kismet (344)
[2017.03.25-06.56.07:137][445]LogModuleManager: Shutting down and abandoning module GraphEditor (342)
[2017.03.25-06.56.07:153][445]LogModuleManager: Shutting down and abandoning module ClassViewer (340)
[2017.03.25-06.56.07:161][445]LogModuleManager: Shutting down and abandoning module Toolbox (338)
[2017.03.25-06.56.07:164][445]LogModuleManager: Shutting down and abandoning module ModuleUI (336)
[2017.03.25-06.56.07:192][445]LogModuleManager: Shutting down and abandoning module MovieSceneTools (334)
[2017.03.25-06.56.07:217][445]LogModuleManager: Shutting down and abandoning module OutputLog (332)
[2017.03.25-06.56.07:250][445]LogModuleManager: Shutting down and abandoning module GammaUI (330)
[2017.03.25-06.56.07:266][445]LogModuleManager: Shutting down and abandoning module Documentation (328)
[2017.03.25-06.56.07:403][445]LogModuleManager: Shutting down and abandoning module Niagara (326)
[2017.03.25-06.56.07:403][445]LogModuleManager: Shutting down and abandoning module StreamingPauseRendering (324)
[2017.03.25-06.56.07:403][445]LogModuleManager: Shutting down and abandoning module AnalyticsET (322)
[2017.03.25-06.56.07:403][445]LogModuleManager: Shutting down and abandoning module PortalServices (320)
[2017.03.25-06.56.07:403][445]LogModuleManager: Shutting down and abandoning module PortalRpc (318)
[2017.03.25-06.56.07:403][445]LogModuleManager: Shutting down and abandoning module MessagingRpc (316)
[2017.03.25-06.56.07:403][445]LogModuleManager: Shutting down and abandoning module AIModule (314)
[2017.03.25-06.56.07:427][445]LogModuleManager: Shutting down and abandoning module GameplayDebugger (313)
[2017.03.25-06.56.07:495][445]LogModuleManager: Shutting down and abandoning module AITestSuite (311)
[2017.03.25-06.56.07:495][445]LogModuleManager: Shutting down and abandoning module ProfilerService (308)
[2017.03.25-06.56.07:635][445]LogModuleManager: Shutting down and abandoning module TaskGraph (306)
[2017.03.25-06.56.07:710][445]LogModuleManager: Shutting down and abandoning module SteamVRController (304)
[2017.03.25-06.56.07:710][445]LogModuleManager: Shutting down and abandoning module SteamVR (302)
[2017.03.25-06.56.07:710][445]LogModuleManager: Shutting down and abandoning module ProceduralMeshComponentEditor (300)
[2017.03.25-06.56.07:710][445]LogModuleManager: Shutting down and abandoning module ProceduralMeshComponent (298)
[2017.03.25-06.56.07:741][445]LogModuleManager: Shutting down and abandoning module OculusLibrary (296)
[2017.03.25-06.56.07:741][445]LogModuleManager: Shutting down and abandoning module OculusInput (294)
[2017.03.25-06.56.07:741][445]LogModuleManager: Shutting down and abandoning module MobilePatchingUtils (292)
[2017.03.25-06.56.07:741][445]LogModuleManager: Shutting down and abandoning module CustomMeshComponent (290)
[2017.03.25-06.56.07:741][445]LogModuleManager: Shutting down and abandoning module CableComponent (288)
[2017.03.25-06.56.07:741][445]LogModuleManager: Shutting down and abandoning module ArchVisCharacter (286)
[2017.03.25-06.56.07:741][445]LogModuleManager: Shutting down and abandoning module MediaPlayerEditor (282)
[2017.03.25-06.56.07:929][445]LogModuleManager: Shutting down and abandoning module HTML5Networking (280)
[2017.03.25-06.56.07:930][445]LogModuleManager: Shutting down and abandoning module AlembicImporter (278)
[2017.03.25-06.56.07:974][445]LogModuleManager: Shutting down and abandoning module AlembicLibrary (277)
[2017.03.25-06.56.08:028][445]LogModuleManager: Shutting down and abandoning module GeometryCache (276)
[2017.03.25-06.56.08:048][445]LogModuleManager: Shutting down and abandoning module GeometryCacheEd (275)
[2017.03.25-06.56.08:048][445]LogModuleManager: Shutting down and abandoning module SuperSearchEditor (270)
[2017.03.25-06.56.08:048][445]LogModuleManager: Shutting down and abandoning module SuperSearch (269)
[2017.03.25-06.56.08:048][445]LogModuleManager: Shutting down and abandoning module SpeedTreeImporter (266)
[2017.03.25-06.56.08:073][445]LogModuleManager: Shutting down and abandoning module PluginBrowser (264)
[2017.03.25-06.56.08:117][445]LogModuleManager: Shutting down and abandoning module MobileLauncherProfileWizard (262)
[2017.03.25-06.56.08:207][445]LogModuleManager: Shutting down and abandoning module EpicSurvey (260)
[2017.03.25-06.56.08:350][445]LogModuleManager: Shutting down and abandoning module VisualStudioSourceCodeAccess (258)
[2017.03.25-06.56.08:350][445]LogModuleManager: Shutting down and abandoning module DesktopPlatform (257)
[2017.03.25-06.56.08:350][445]LogModuleManager: Shutting down and abandoning module UObjectPlugin (254)
[2017.03.25-06.56.08:350][445]LogModuleManager: Shutting down and abandoning module SubversionSourceControl (252)
[2017.03.25-06.56.08:388][445]LogModuleManager: Shutting down and abandoning module PerforceSourceControl (250)
[2017.03.25-06.56.08:448][445]LogModuleManager: Shutting down and abandoning module GitSourceControl (248)
[2017.03.25-06.56.08:479][445]LogModuleManager: Shutting down and abandoning module SourceControl (247)
[2017.03.25-06.56.08:551][445]LogModuleManager: Shutting down and abandoning module LightPropagationVolumeEditor (244)
[2017.03.25-06.56.08:551][445]LogModuleManager: Shutting down and abandoning module PaperTiledImporter (242)
[2017.03.25-06.56.08:551][445]LogModuleManager: Shutting down and abandoning module PaperSpriteSheetImporter (240)
[2017.03.25-06.56.08:551][445]LogModuleManager: Shutting down and abandoning module Paper2DEditor (238)
[2017.03.25-06.56.08:650][445]LogModuleManager: Shutting down and abandoning module MeshPaint (237)
[2017.03.25-06.56.08:666][445]LogModuleManager: Shutting down and abandoning module LevelEditor (235)
[2017.03.25-06.56.08:752][445]LogModuleManager: Shutting down and abandoning module PixelInspectorModule (234)
[2017.03.25-06.56.08:832][445]LogModuleManager: Shutting down and abandoning module MainFrame (232)
[2017.03.25-06.56.08:832][445]LogModuleManager: Shutting down and abandoning module HotReload (231)
[2017.03.25-06.56.08:848][445]LogDirectoryWatcher: A directory notification for 'C:/Users/Liam/Documents/Unreal Projects/BatteryCollector/Binaries/Win64' was aborted.
[2017.03.25-06.56.08:939][445]LogModuleManager: Shutting down and abandoning module ContentBrowser (227)
[2017.03.25-06.56.09:008][445]LogModuleManager: Shutting down and abandoning module BatteryCollector (224)
[2017.03.25-06.56.09:008][445]LogModuleManager: Shutting down and abandoning module PhysXVehiclesEditor (222)
[2017.03.25-06.56.09:028][445]LogModuleManager: Shutting down and abandoning module PhysXVehicles (220)
[2017.03.25-06.56.09:028][445]LogModuleManager: Shutting down and abandoning module LocationServicesBPLibrary (218)
[2017.03.25-06.56.09:028][445]LogModuleManager: Shutting down and abandoning module UdpMessaging (216)
[2017.03.25-06.56.09:129][445]LogModuleManager: Shutting down and abandoning module TcpMessaging (214)
[2017.03.25-06.56.09:242][445]LogModuleManager: Shutting down and abandoning module GameplayTagsEditor (212)
[2017.03.25-06.56.09:289][445]LogModuleManager: Shutting down and abandoning module FacialAnimationEditor (210)
[2017.03.25-06.56.09:332][445]LogModuleManager: Shutting down and abandoning module FacialAnimation (208)
[2017.03.25-06.56.09:332][445]LogModuleManager: Shutting down and abandoning module LightPropagationVolumeRuntime (206)
[2017.03.25-06.56.09:332][445]LogModuleManager: Shutting down and abandoning module Paper2D (204)
[2017.03.25-06.56.09:406][445]LogModuleManager: Shutting down and abandoning module WindowsMoviePlayer (202)
[2017.03.25-06.56.09:437][445]LogModuleManager: Shutting down and abandoning module WmfMedia (200)
[2017.03.25-06.56.09:549][445]LogModuleManager: Shutting down and abandoning module MfMedia (198)
[2017.03.25-06.56.09:549][445]LogModuleManager: Shutting down and abandoning module MediaAssets (196)
[2017.03.25-06.56.09:549][445]LogModuleManager: Shutting down and abandoning module GameLiveStreaming (194)
[2017.03.25-06.56.09:572][445]LogModuleManager: Shutting down and abandoning module VREditor (192)
[2017.03.25-06.56.09:613][445]LogModuleManager: Shutting down and abandoning module GameplayTasksEditor (190)
[2017.03.25-06.56.09:613][445]LogModuleManager: Shutting down and abandoning module BehaviorTreeEditor (188)
[2017.03.25-06.56.09:725][445]LogModuleManager: Shutting down and abandoning module FunctionalTesting (186)
[2017.03.25-06.56.09:752][445]LogModuleManager: Shutting down and abandoning module CollisionAnalyzer (184)
[2017.03.25-06.56.09:790][445]LogModuleManager: Shutting down and abandoning module UMG (182)
[2017.03.25-06.56.09:897][445]LogModuleManager: Shutting down and abandoning module UMGEditor (181)
[2017.03.25-06.56.10:020][445]LogModuleManager: Shutting down and abandoning module Sequencer (180)
[2017.03.25-06.56.10:104][445]LogModuleManager: Shutting down and abandoning module AssetTools (178)
[2017.03.25-06.56.10:265][445]LogModuleManager: Shutting down and abandoning module MessageLog (177)
[2017.03.25-06.56.10:265][445]LogModuleManager: Shutting down and abandoning module WorkspaceMenuStructure (176)
[2017.03.25-06.56.10:395][445]LogModuleManager: Shutting down and abandoning module SlateReflector (170)
[2017.03.25-06.56.10:480][445]LogModuleManager: Shutting down and abandoning module Slate (168)
[2017.03.25-06.56.10:480][445]LogModuleManager: Shutting down and abandoning module EditorStyle (166)
[2017.03.25-06.56.10:689][445]LogModuleManager: Shutting down and abandoning module SourceCodeAccess (164)
[2017.03.25-06.56.10:713][445]LogModuleManager: Shutting down and abandoning module HeadMountedDisplay (162)
[2017.03.25-06.56.10:713][445]LogModuleManager: Shutting down and abandoning module XAudio2 (160)
[2017.03.25-06.56.10:713][445]LogModuleManager: Shutting down and abandoning module Networking (158)
[2017.03.25-06.56.10:713][445]LogModuleManager: Shutting down and abandoning module Core (154)
[2017.03.25-06.56.10:713][445]LogModuleManager: Shutting down and abandoning module AssetRegistry (152)
[2017.03.25-06.56.12:163][445]LogDirectoryWatcher: A directory notification for '../../../Engine/Content/' was aborted.
[2017.03.25-06.56.12:164][445]LogDirectoryWatcher: A directory notification for '../../../../../../Users/Liam/Documents/Unreal Projects/BatteryCollector/Content/' was aborted.
[2017.03.25-06.56.12:164][445]LogDirectoryWatcher: A directory notification for '../../../Engine/Plugins/2D/Paper2D/Content/' was aborted.
[2017.03.25-06.56.12:360][445]LogModuleManager: Shutting down and abandoning module DirectoryWatcher (151)
[2017.03.25-06.56.12:416][445]LogModuleManager: Shutting down and abandoning module KismetCompiler (148)
[2017.03.25-06.56.12:416][445]LogModuleManager: Shutting down and abandoning module PhysXFormats (146)
[2017.03.25-06.56.12:416][445]LogModuleManager: Shutting down and abandoning module MeshUtilities (144)
[2017.03.25-06.56.12:992][445]LogModuleManager: Shutting down and abandoning module SimplygonSwarm (143)
[2017.03.25-06.56.13:050][445]LogModuleManager: Shutting down and abandoning module SimplygonMeshReduction (141)
[2017.03.25-06.56.13:050][445]LogModuleManager: Shutting down and abandoning module QuadricMeshReduction (139)
[2017.03.25-06.56.13:075][445]LogModuleManager: Shutting down and abandoning module PropertyEditor (137)
[2017.03.25-06.56.13:284][445]LogModuleManager: Shutting down and abandoning module DerivedDataCache (134)
[2017.03.25-06.56.13:727][445]LogDerivedDataCache: Shutdown
[2017.03.25-06.56.13:728][445]LogModuleManager: Shutting down and abandoning module TargetPlatform (132)
[2017.03.25-06.56.13:807][445]LogModuleManager: Shutting down and abandoning module VulkanShaderFormat (131)
[2017.03.25-06.56.13:880][445]LogModuleManager: Shutting down and abandoning module ShaderFormatOpenGL (129)
[2017.03.25-06.56.13:969][445]LogModuleManager: Shutting down and abandoning module ShaderFormatD3D (127)
[2017.03.25-06.56.14:037][445]LogModuleManager: Shutting down and abandoning module MetalShaderFormat (125)
[2017.03.25-06.56.14:116][445]LogModuleManager: Shutting down and abandoning module TextureFormatUncompressed (123)
[2017.03.25-06.56.14:125][445]LogModuleManager: Shutting down and abandoning module TextureFormatPVR (121)
[2017.03.25-06.56.14:184][445]LogModuleManager: Shutting down and abandoning module TextureFormatDXT (119)
[2017.03.25-06.56.14:237][445]LogModuleManager: Shutting down and abandoning module TextureFormatIntelISPCTexComp (117)
[2017.03.25-06.56.14:713][445]LogModuleManager: Shutting down and abandoning module TextureFormatASTC (115)
[2017.03.25-06.56.14:754][445]LogModuleManager: Shutting down and abandoning module ImageWrapper (114)
[2017.03.25-06.56.14:754][445]LogModuleManager: Shutting down and abandoning module TextureFormatAndroid (111)
[2017.03.25-06.56.14:790][445]LogModuleManager: Shutting down and abandoning module AudioFormatOpus (109)
[2017.03.25-06.56.14:857][445]LogModuleManager: Shutting down and abandoning module AudioFormatOgg (107)
[2017.03.25-06.56.14:919][445]LogModuleManager: Shutting down and abandoning module AudioFormatADPCM (105)
[2017.03.25-06.56.14:955][445]LogModuleManager: Shutting down and abandoning module LinuxTargetPlatform (103)
[2017.03.25-06.56.14:976][445]LogModuleManager: Shutting down and abandoning module LinuxServerTargetPlatform (101)
[2017.03.25-06.56.14:993][445]LogModuleManager: Shutting down and abandoning module LinuxNoEditorTargetPlatform (99)
[2017.03.25-06.56.15:024][445]LogModuleManager: Shutting down and abandoning module LinuxClientTargetPlatform (97)
[2017.03.25-06.56.15:117][445]LogModuleManager: Shutting down and abandoning module TVOSTargetPlatform (95)
[2017.03.25-06.56.15:117][445]LogModuleManager: Shutting down and abandoning module Messaging (93)
[2017.03.25-06.56.15:117][445]LogModuleManager: Shutting down and abandoning module IOSTargetPlatform (91)
[2017.03.25-06.56.15:144][445]LogModuleManager: Shutting down and abandoning module HTML5TargetPlatform (89)
[2017.03.25-06.56.15:144][445]LogModuleManager: Shutting down and abandoning module Android_PVRTCTargetPlatform (87)
[2017.03.25-06.56.15:221][445]LogModuleManager: Shutting down and abandoning module Android_MultiTargetPlatform (85)
[2017.03.25-06.56.15:221][445]LogModuleManager: Shutting down and abandoning module Android_ETC2TargetPlatform (83)
[2017.03.25-06.56.15:265][445]LogModuleManager: Shutting down and abandoning module Android_ETC1TargetPlatform (81)
[2017.03.25-06.56.15:307][445]LogModuleManager: Shutting down and abandoning module Android_DXTTargetPlatform (79)
[2017.03.25-06.56.15:441][445]LogModuleManager: Shutting down and abandoning module Android_ATCTargetPlatform (77)
[2017.03.25-06.56.15:482][445]LogModuleManager: Shutting down and abandoning module Android_ASTCTargetPlatform (75)
[2017.03.25-06.56.15:517][445]LogModuleManager: Shutting down and abandoning module AndroidTargetPlatform (73)
[2017.03.25-06.56.15:547][445]LogModuleManager: Shutting down and abandoning module WindowsTargetPlatform (71)
[2017.03.25-06.56.15:547][445]LogModuleManager: Shutting down and abandoning module WindowsServerTargetPlatform (69)
[2017.03.25-06.56.15:564][445]LogModuleManager: Shutting down and abandoning module WindowsNoEditorTargetPlatform (67)
[2017.03.25-06.56.15:599][445]LogModuleManager: Shutting down and abandoning module WindowsClientTargetPlatform (65)
[2017.03.25-06.56.15:622][445]LogModuleManager: Shutting down and abandoning module MacTargetPlatform (63)
[2017.03.25-06.56.15:655][445]LogModuleManager: Shutting down and abandoning module MacServerTargetPlatform (61)
[2017.03.25-06.56.15:756][445]LogModuleManager: Shutting down and abandoning module MacNoEditorTargetPlatform (59)
[2017.03.25-06.56.15:816][445]LogModuleManager: Shutting down and abandoning module MacClientTargetPlatform (57)
[2017.03.25-06.56.15:878][445]LogModuleManager: Shutting down and abandoning module AllDesktopTargetPlatform (55)
[2017.03.25-06.56.15:878][445]LogModuleManager: Shutting down and abandoning module InputCore (52)
[2017.03.25-06.56.15:878][445]LogModuleManager: Shutting down and abandoning module Settings (50)
[2017.03.25-06.56.15:878][445]LogModuleManager: Shutting down and abandoning module OculusRift (48)
[2017.03.25-06.56.15:914][445]LogModuleManager: Shutting down and abandoning module GearVR (46)
[2017.03.25-06.56.15:956][445]LogModuleManager: Shutting down and abandoning module ExampleDeviceProfileSelector (44)
[2017.03.25-06.56.15:956][445]LogModuleManager: Shutting down and abandoning module OnlineBlueprintSupport (42)
[2017.03.25-06.56.15:956][445]LogModuleManager: Shutting down and abandoning module OnlineSubsystem (38)
[2017.03.25-06.56.15:956][445]LogOnline:Display: Unloading online subsystem: NULL
[2017.03.25-06.56.16:168][445]LogModuleManager: Shutting down and abandoning module XMPP (37)
[2017.03.25-06.56.16:405][445]LogModuleManager: Shutting down and abandoning module HTTP (35)
[2017.03.25-06.56.16:501][445]LogHttp:Display: Http module shutting down, but needs to wait on 1 outstanding Http requests:
[2017.03.25-06.56.16:501][445]LogHttp:Display: 	verb=[POST] url=[https://datarouter.ol.epicgames.com/datarouter/api/v1/public/data?SessionID=%7BB882FF91-43C6-7CB0-E700-72A939C47143%7D&AppID=UEEditor.Rocket.Release&AppVersion=4.15.1-3348071%2B%2B%2BUE4%2BRelease-4.15&UserID=3c53aeb14f8381cf589af9a05a045162%7C191bcd9e71e141a7a207a951597e632a%7C6892023d-28ec-4f87-8958-26e7706dbce6&AppEnvironment=datacollector-binary&UploadType=eteventstream] status=Processing
[2017.03.25-06.56.16:682][445]LogModuleManager: Shutting down and abandoning module SSL (34)
[2017.03.25-06.56.16:990][445]LogModuleManager: Shutting down and abandoning module AudioEditor (30)
[2017.03.25-06.56.17:091][445]LogModuleManager: Shutting down and abandoning module TextureCompressor (28)
[2017.03.25-06.56.17:561][445]LogModuleManager: Shutting down and abandoning module ShaderCore (26)
[2017.03.25-06.56.17:561][445]LogModuleManager: Shutting down and abandoning module Landscape (24)
[2017.03.25-06.56.17:561][445]LogModuleManager: Shutting down and abandoning module SlateRHIRenderer (22)
[2017.03.25-06.56.18:446][445]LogModuleManager: Shutting down and abandoning module OpenGLDrv (20)
[2017.03.25-06.56.18:516][445]LogModuleManager: Shutting down and abandoning module D3D11RHI (18)
[2017.03.25-06.56.18:516][445]LogModuleManager: Shutting down and abandoning module AnimGraphRuntime (16)
[2017.03.25-06.56.18:552][445]LogModuleManager: Shutting down and abandoning module Renderer (14)
[2017.03.25-06.56.18:552][445]LogModuleManager: Shutting down and abandoning module Engine (12)
[2017.03.25-06.56.18:552][445]LogModuleManager: Shutting down and abandoning module CoreUObject (10)
[2017.03.25-06.56.18:552][445]LogModuleManager: Shutting down and abandoning module NetworkFile (8)
[2017.03.25-06.56.18:697][445]LogModuleManager: Shutting down and abandoning module StreamingFile (6)
[2017.03.25-06.56.18:721][445]LogModuleManager: Shutting down and abandoning module SandboxFile (4)
[2017.03.25-06.56.18:726][445]LogModuleManager: Shutting down and abandoning module PakFile (2)
[2017.03.25-06.56.18:825][445]LogExit: Exiting.
[2017.03.25-06.56.19:592][445]Log file closed, 03/24/17 23:56:19
